2024-11-17 09:20:44,780 - INFO - Starting the code parsing for ./code_base_small
2024-11-17 09:20:44,780 - INFO - Starting the code parsing for ./code_base_small
2024-11-17 09:20:44,780 - INFO - Starting the code parsing for ./code_base_small
2024-11-17 09:20:44,780 - INFO - Starting the code parsing for ./code_base_small
2024-11-17 09:20:44,781 - INFO - Started parsing the codebase at: C:\Code\Github\RAG_code\code_base_small
2024-11-17 09:20:44,781 - INFO - Started parsing the codebase at: C:\Code\Github\RAG_code\code_base_small
2024-11-17 09:20:44,781 - INFO - Started parsing the codebase at: C:\Code\Github\RAG_code\code_base_small
2024-11-17 09:20:44,781 - INFO - Started parsing the codebase at: C:\Code\Github\RAG_code\code_base_small
2024-11-17 09:20:44,784 - DEBUG - Found Python file: ./code_base_small\base_auto_retriever.py
2024-11-17 09:20:44,784 - DEBUG - Found Python file: ./code_base_small\base_auto_retriever.py
2024-11-17 09:20:44,784 - DEBUG - Found Python file: ./code_base_small\base_auto_retriever.py
2024-11-17 09:20:44,784 - DEBUG - Found Python file: ./code_base_small\base_auto_retriever.py
2024-11-17 09:20:44,784 - INFO - Parsing Python file: ./code_base_small\base_auto_retriever.py
2024-11-17 09:20:44,784 - INFO - Parsing Python file: ./code_base_small\base_auto_retriever.py
2024-11-17 09:20:44,784 - INFO - Parsing Python file: ./code_base_small\base_auto_retriever.py
2024-11-17 09:20:44,784 - INFO - Parsing Python file: ./code_base_small\base_auto_retriever.py
2024-11-17 09:20:44,785 - DEBUG - AST Tree for ./code_base_small\base_auto_retriever.py: Module(body=[ImportFrom(module='abc', names=[alias(name='abstractmethod')], level=0), ImportFrom(module='typing', names=[alias(name='Any'), alias(name='List'), alias(name='Tuple')], level=0), ImportFrom(module='llama_index.core.base.base_retriever', names=[alias(name='BaseRetriever')], level=0), ImportFrom(module='llama_index.core.bridge.pydantic', names=[alias(name='BaseModel')], level=0), ImportFrom(module='llama_index.core.schema', names=[alias(name='NodeWithScore'), alias(name='QueryBundle')], level=0), ClassDef(name='BaseAutoRetriever', bases=[Name(id='BaseRetriever', ctx=Load())], body=[Expr(value=Constant(value='Base auto retriever.')), FunctionDef(name='generate_retrieval_spec', args=arguments(args=[arg(arg='self'), arg(arg='query_bundle', annotation=Name(id='QueryBundle', ctx=Load()))], kwarg=arg(arg='kwargs', annotation=Name(id='Any', ctx=Load()))), body=[Expr(value=Constant(value='Generate retrieval spec synchronously.')), Expr(value=Constant(value=Ellipsis))], decorator_list=[Name(id='abstractmethod', ctx=Load())], returns=Name(id='BaseModel', ctx=Load())), AsyncFunctionDef(name='agenerate_retrieval_spec', args=arguments(args=[arg(arg='self'), arg(arg='query_bundle', annotation=Name(id='QueryBundle', ctx=Load()))], kwarg=arg(arg='kwargs', annotation=Name(id='Any', ctx=Load()))), body=[Expr(value=Constant(value='Generate retrieval spec asynchronously.')), Expr(value=Constant(value=Ellipsis))], decorator_list=[Name(id='abstractmethod', ctx=Load())], returns=Name(id='BaseModel', ctx=Load())), FunctionDef(name='_build_retriever_from_spec', args=arguments(args=[arg(arg='self'), arg(arg='retrieval_spec', annotation=Name(id='BaseModel', ctx=Load()))]), body=[Expr(value=Constant(value='Build retriever from spec and provide query bundle.')), Expr(value=Constant(value=Ellipsis))], decorator_list=[Name(id='abstractmethod', ctx=Load())], returns=Subscript(value=Name(id='Tuple', ctx=Load()), slice=Tuple(elts=[Name(id='BaseRetriever', ctx=Load()), Name(id='QueryBundle', ctx=Load())], ctx=Load()), ctx=Load())), FunctionDef(name='_retrieve', args=arguments(args=[arg(arg='self'), arg(arg='query_bundle', annotation=Name(id='QueryBundle', ctx=Load()))]), body=[Expr(value=Constant(value='Retrieve using generated spec.')), Assign(targets=[Name(id='retrieval_spec', ctx=Store())], value=Call(func=Attribute(value=Name(id='self', ctx=Load()), attr='generate_retrieval_spec', ctx=Load()), args=[Name(id='query_bundle', ctx=Load())])), Assign(targets=[Tuple(elts=[Name(id='retriever', ctx=Store()), Name(id='new_query_bundle', ctx=Store())], ctx=Store())], value=Call(func=Attribute(value=Name(id='self', ctx=Load()), attr='_build_retriever_from_spec', ctx=Load()), args=[Name(id='retrieval_spec', ctx=Load())])), Return(value=Call(func=Attribute(value=Name(id='retriever', ctx=Load()), attr='retrieve', ctx=Load()), args=[Name(id='new_query_bundle', ctx=Load())]))], returns=Subscript(value=Name(id='List', ctx=Load()), slice=Name(id='NodeWithScore', ctx=Load()), ctx=Load())), AsyncFunctionDef(name='_aretrieve', args=arguments(args=[arg(arg='self'), arg(arg='query_bundle', annotation=Name(id='QueryBundle', ctx=Load()))]), body=[Expr(value=Constant(value='Retrieve using generated spec asynchronously.')), Assign(targets=[Name(id='retrieval_spec', ctx=Store())], value=Await(value=Call(func=Attribute(value=Name(id='self', ctx=Load()), attr='agenerate_retrieval_spec', ctx=Load()), args=[Name(id='query_bundle', ctx=Load())]))), Assign(targets=[Tuple(elts=[Name(id='retriever', ctx=Store()), Name(id='new_query_bundle', ctx=Store())], ctx=Store())], value=Call(func=Attribute(value=Name(id='self', ctx=Load()), attr='_build_retriever_from_spec', ctx=Load()), args=[Name(id='retrieval_spec', ctx=Load())])), Return(value=Await(value=Call(func=Attribute(value=Name(id='retriever', ctx=Load()), attr='aretrieve', ctx=Load()), args=[Name(id='new_query_bundle', ctx=Load())])))], returns=Subscript(value=Name(id='List', ctx=Load()), slice=Name(id='NodeWithScore', ctx=Load()), ctx=Load()))])])
2024-11-17 09:20:44,785 - DEBUG - AST Tree for ./code_base_small\base_auto_retriever.py: Module(body=[ImportFrom(module='abc', names=[alias(name='abstractmethod')], level=0), ImportFrom(module='typing', names=[alias(name='Any'), alias(name='List'), alias(name='Tuple')], level=0), ImportFrom(module='llama_index.core.base.base_retriever', names=[alias(name='BaseRetriever')], level=0), ImportFrom(module='llama_index.core.bridge.pydantic', names=[alias(name='BaseModel')], level=0), ImportFrom(module='llama_index.core.schema', names=[alias(name='NodeWithScore'), alias(name='QueryBundle')], level=0), ClassDef(name='BaseAutoRetriever', bases=[Name(id='BaseRetriever', ctx=Load())], body=[Expr(value=Constant(value='Base auto retriever.')), FunctionDef(name='generate_retrieval_spec', args=arguments(args=[arg(arg='self'), arg(arg='query_bundle', annotation=Name(id='QueryBundle', ctx=Load()))], kwarg=arg(arg='kwargs', annotation=Name(id='Any', ctx=Load()))), body=[Expr(value=Constant(value='Generate retrieval spec synchronously.')), Expr(value=Constant(value=Ellipsis))], decorator_list=[Name(id='abstractmethod', ctx=Load())], returns=Name(id='BaseModel', ctx=Load())), AsyncFunctionDef(name='agenerate_retrieval_spec', args=arguments(args=[arg(arg='self'), arg(arg='query_bundle', annotation=Name(id='QueryBundle', ctx=Load()))], kwarg=arg(arg='kwargs', annotation=Name(id='Any', ctx=Load()))), body=[Expr(value=Constant(value='Generate retrieval spec asynchronously.')), Expr(value=Constant(value=Ellipsis))], decorator_list=[Name(id='abstractmethod', ctx=Load())], returns=Name(id='BaseModel', ctx=Load())), FunctionDef(name='_build_retriever_from_spec', args=arguments(args=[arg(arg='self'), arg(arg='retrieval_spec', annotation=Name(id='BaseModel', ctx=Load()))]), body=[Expr(value=Constant(value='Build retriever from spec and provide query bundle.')), Expr(value=Constant(value=Ellipsis))], decorator_list=[Name(id='abstractmethod', ctx=Load())], returns=Subscript(value=Name(id='Tuple', ctx=Load()), slice=Tuple(elts=[Name(id='BaseRetriever', ctx=Load()), Name(id='QueryBundle', ctx=Load())], ctx=Load()), ctx=Load())), FunctionDef(name='_retrieve', args=arguments(args=[arg(arg='self'), arg(arg='query_bundle', annotation=Name(id='QueryBundle', ctx=Load()))]), body=[Expr(value=Constant(value='Retrieve using generated spec.')), Assign(targets=[Name(id='retrieval_spec', ctx=Store())], value=Call(func=Attribute(value=Name(id='self', ctx=Load()), attr='generate_retrieval_spec', ctx=Load()), args=[Name(id='query_bundle', ctx=Load())])), Assign(targets=[Tuple(elts=[Name(id='retriever', ctx=Store()), Name(id='new_query_bundle', ctx=Store())], ctx=Store())], value=Call(func=Attribute(value=Name(id='self', ctx=Load()), attr='_build_retriever_from_spec', ctx=Load()), args=[Name(id='retrieval_spec', ctx=Load())])), Return(value=Call(func=Attribute(value=Name(id='retriever', ctx=Load()), attr='retrieve', ctx=Load()), args=[Name(id='new_query_bundle', ctx=Load())]))], returns=Subscript(value=Name(id='List', ctx=Load()), slice=Name(id='NodeWithScore', ctx=Load()), ctx=Load())), AsyncFunctionDef(name='_aretrieve', args=arguments(args=[arg(arg='self'), arg(arg='query_bundle', annotation=Name(id='QueryBundle', ctx=Load()))]), body=[Expr(value=Constant(value='Retrieve using generated spec asynchronously.')), Assign(targets=[Name(id='retrieval_spec', ctx=Store())], value=Await(value=Call(func=Attribute(value=Name(id='self', ctx=Load()), attr='agenerate_retrieval_spec', ctx=Load()), args=[Name(id='query_bundle', ctx=Load())]))), Assign(targets=[Tuple(elts=[Name(id='retriever', ctx=Store()), Name(id='new_query_bundle', ctx=Store())], ctx=Store())], value=Call(func=Attribute(value=Name(id='self', ctx=Load()), attr='_build_retriever_from_spec', ctx=Load()), args=[Name(id='retrieval_spec', ctx=Load())])), Return(value=Await(value=Call(func=Attribute(value=Name(id='retriever', ctx=Load()), attr='aretrieve', ctx=Load()), args=[Name(id='new_query_bundle', ctx=Load())])))], returns=Subscript(value=Name(id='List', ctx=Load()), slice=Name(id='NodeWithScore', ctx=Load()), ctx=Load()))])])
2024-11-17 09:20:44,785 - DEBUG - AST Tree for ./code_base_small\base_auto_retriever.py: Module(body=[ImportFrom(module='abc', names=[alias(name='abstractmethod')], level=0), ImportFrom(module='typing', names=[alias(name='Any'), alias(name='List'), alias(name='Tuple')], level=0), ImportFrom(module='llama_index.core.base.base_retriever', names=[alias(name='BaseRetriever')], level=0), ImportFrom(module='llama_index.core.bridge.pydantic', names=[alias(name='BaseModel')], level=0), ImportFrom(module='llama_index.core.schema', names=[alias(name='NodeWithScore'), alias(name='QueryBundle')], level=0), ClassDef(name='BaseAutoRetriever', bases=[Name(id='BaseRetriever', ctx=Load())], body=[Expr(value=Constant(value='Base auto retriever.')), FunctionDef(name='generate_retrieval_spec', args=arguments(args=[arg(arg='self'), arg(arg='query_bundle', annotation=Name(id='QueryBundle', ctx=Load()))], kwarg=arg(arg='kwargs', annotation=Name(id='Any', ctx=Load()))), body=[Expr(value=Constant(value='Generate retrieval spec synchronously.')), Expr(value=Constant(value=Ellipsis))], decorator_list=[Name(id='abstractmethod', ctx=Load())], returns=Name(id='BaseModel', ctx=Load())), AsyncFunctionDef(name='agenerate_retrieval_spec', args=arguments(args=[arg(arg='self'), arg(arg='query_bundle', annotation=Name(id='QueryBundle', ctx=Load()))], kwarg=arg(arg='kwargs', annotation=Name(id='Any', ctx=Load()))), body=[Expr(value=Constant(value='Generate retrieval spec asynchronously.')), Expr(value=Constant(value=Ellipsis))], decorator_list=[Name(id='abstractmethod', ctx=Load())], returns=Name(id='BaseModel', ctx=Load())), FunctionDef(name='_build_retriever_from_spec', args=arguments(args=[arg(arg='self'), arg(arg='retrieval_spec', annotation=Name(id='BaseModel', ctx=Load()))]), body=[Expr(value=Constant(value='Build retriever from spec and provide query bundle.')), Expr(value=Constant(value=Ellipsis))], decorator_list=[Name(id='abstractmethod', ctx=Load())], returns=Subscript(value=Name(id='Tuple', ctx=Load()), slice=Tuple(elts=[Name(id='BaseRetriever', ctx=Load()), Name(id='QueryBundle', ctx=Load())], ctx=Load()), ctx=Load())), FunctionDef(name='_retrieve', args=arguments(args=[arg(arg='self'), arg(arg='query_bundle', annotation=Name(id='QueryBundle', ctx=Load()))]), body=[Expr(value=Constant(value='Retrieve using generated spec.')), Assign(targets=[Name(id='retrieval_spec', ctx=Store())], value=Call(func=Attribute(value=Name(id='self', ctx=Load()), attr='generate_retrieval_spec', ctx=Load()), args=[Name(id='query_bundle', ctx=Load())])), Assign(targets=[Tuple(elts=[Name(id='retriever', ctx=Store()), Name(id='new_query_bundle', ctx=Store())], ctx=Store())], value=Call(func=Attribute(value=Name(id='self', ctx=Load()), attr='_build_retriever_from_spec', ctx=Load()), args=[Name(id='retrieval_spec', ctx=Load())])), Return(value=Call(func=Attribute(value=Name(id='retriever', ctx=Load()), attr='retrieve', ctx=Load()), args=[Name(id='new_query_bundle', ctx=Load())]))], returns=Subscript(value=Name(id='List', ctx=Load()), slice=Name(id='NodeWithScore', ctx=Load()), ctx=Load())), AsyncFunctionDef(name='_aretrieve', args=arguments(args=[arg(arg='self'), arg(arg='query_bundle', annotation=Name(id='QueryBundle', ctx=Load()))]), body=[Expr(value=Constant(value='Retrieve using generated spec asynchronously.')), Assign(targets=[Name(id='retrieval_spec', ctx=Store())], value=Await(value=Call(func=Attribute(value=Name(id='self', ctx=Load()), attr='agenerate_retrieval_spec', ctx=Load()), args=[Name(id='query_bundle', ctx=Load())]))), Assign(targets=[Tuple(elts=[Name(id='retriever', ctx=Store()), Name(id='new_query_bundle', ctx=Store())], ctx=Store())], value=Call(func=Attribute(value=Name(id='self', ctx=Load()), attr='_build_retriever_from_spec', ctx=Load()), args=[Name(id='retrieval_spec', ctx=Load())])), Return(value=Await(value=Call(func=Attribute(value=Name(id='retriever', ctx=Load()), attr='aretrieve', ctx=Load()), args=[Name(id='new_query_bundle', ctx=Load())])))], returns=Subscript(value=Name(id='List', ctx=Load()), slice=Name(id='NodeWithScore', ctx=Load()), ctx=Load()))])])
2024-11-17 09:20:44,785 - DEBUG - AST Tree for ./code_base_small\base_auto_retriever.py: Module(body=[ImportFrom(module='abc', names=[alias(name='abstractmethod')], level=0), ImportFrom(module='typing', names=[alias(name='Any'), alias(name='List'), alias(name='Tuple')], level=0), ImportFrom(module='llama_index.core.base.base_retriever', names=[alias(name='BaseRetriever')], level=0), ImportFrom(module='llama_index.core.bridge.pydantic', names=[alias(name='BaseModel')], level=0), ImportFrom(module='llama_index.core.schema', names=[alias(name='NodeWithScore'), alias(name='QueryBundle')], level=0), ClassDef(name='BaseAutoRetriever', bases=[Name(id='BaseRetriever', ctx=Load())], body=[Expr(value=Constant(value='Base auto retriever.')), FunctionDef(name='generate_retrieval_spec', args=arguments(args=[arg(arg='self'), arg(arg='query_bundle', annotation=Name(id='QueryBundle', ctx=Load()))], kwarg=arg(arg='kwargs', annotation=Name(id='Any', ctx=Load()))), body=[Expr(value=Constant(value='Generate retrieval spec synchronously.')), Expr(value=Constant(value=Ellipsis))], decorator_list=[Name(id='abstractmethod', ctx=Load())], returns=Name(id='BaseModel', ctx=Load())), AsyncFunctionDef(name='agenerate_retrieval_spec', args=arguments(args=[arg(arg='self'), arg(arg='query_bundle', annotation=Name(id='QueryBundle', ctx=Load()))], kwarg=arg(arg='kwargs', annotation=Name(id='Any', ctx=Load()))), body=[Expr(value=Constant(value='Generate retrieval spec asynchronously.')), Expr(value=Constant(value=Ellipsis))], decorator_list=[Name(id='abstractmethod', ctx=Load())], returns=Name(id='BaseModel', ctx=Load())), FunctionDef(name='_build_retriever_from_spec', args=arguments(args=[arg(arg='self'), arg(arg='retrieval_spec', annotation=Name(id='BaseModel', ctx=Load()))]), body=[Expr(value=Constant(value='Build retriever from spec and provide query bundle.')), Expr(value=Constant(value=Ellipsis))], decorator_list=[Name(id='abstractmethod', ctx=Load())], returns=Subscript(value=Name(id='Tuple', ctx=Load()), slice=Tuple(elts=[Name(id='BaseRetriever', ctx=Load()), Name(id='QueryBundle', ctx=Load())], ctx=Load()), ctx=Load())), FunctionDef(name='_retrieve', args=arguments(args=[arg(arg='self'), arg(arg='query_bundle', annotation=Name(id='QueryBundle', ctx=Load()))]), body=[Expr(value=Constant(value='Retrieve using generated spec.')), Assign(targets=[Name(id='retrieval_spec', ctx=Store())], value=Call(func=Attribute(value=Name(id='self', ctx=Load()), attr='generate_retrieval_spec', ctx=Load()), args=[Name(id='query_bundle', ctx=Load())])), Assign(targets=[Tuple(elts=[Name(id='retriever', ctx=Store()), Name(id='new_query_bundle', ctx=Store())], ctx=Store())], value=Call(func=Attribute(value=Name(id='self', ctx=Load()), attr='_build_retriever_from_spec', ctx=Load()), args=[Name(id='retrieval_spec', ctx=Load())])), Return(value=Call(func=Attribute(value=Name(id='retriever', ctx=Load()), attr='retrieve', ctx=Load()), args=[Name(id='new_query_bundle', ctx=Load())]))], returns=Subscript(value=Name(id='List', ctx=Load()), slice=Name(id='NodeWithScore', ctx=Load()), ctx=Load())), AsyncFunctionDef(name='_aretrieve', args=arguments(args=[arg(arg='self'), arg(arg='query_bundle', annotation=Name(id='QueryBundle', ctx=Load()))]), body=[Expr(value=Constant(value='Retrieve using generated spec asynchronously.')), Assign(targets=[Name(id='retrieval_spec', ctx=Store())], value=Await(value=Call(func=Attribute(value=Name(id='self', ctx=Load()), attr='agenerate_retrieval_spec', ctx=Load()), args=[Name(id='query_bundle', ctx=Load())]))), Assign(targets=[Tuple(elts=[Name(id='retriever', ctx=Store()), Name(id='new_query_bundle', ctx=Store())], ctx=Store())], value=Call(func=Attribute(value=Name(id='self', ctx=Load()), attr='_build_retriever_from_spec', ctx=Load()), args=[Name(id='retrieval_spec', ctx=Load())])), Return(value=Await(value=Call(func=Attribute(value=Name(id='retriever', ctx=Load()), attr='aretrieve', ctx=Load()), args=[Name(id='new_query_bundle', ctx=Load())])))], returns=Subscript(value=Name(id='List', ctx=Load()), slice=Name(id='NodeWithScore', ctx=Load()), ctx=Load()))])])
2024-11-17 09:20:44,786 - DEBUG - Found function definition: generate_retrieval_spec
2024-11-17 09:20:44,786 - DEBUG - Found function definition: generate_retrieval_spec
2024-11-17 09:20:44,786 - DEBUG - Found function definition: generate_retrieval_spec
2024-11-17 09:20:44,786 - DEBUG - Found function definition: generate_retrieval_spec
2024-11-17 09:20:44,786 - DEBUG - Extracting function calls from: generate_retrieval_spec
2024-11-17 09:20:44,786 - DEBUG - Extracting function calls from: generate_retrieval_spec
2024-11-17 09:20:44,786 - DEBUG - Extracting function calls from: generate_retrieval_spec
2024-11-17 09:20:44,786 - DEBUG - Extracting function calls from: generate_retrieval_spec
2024-11-17 09:20:44,786 - DEBUG - Function calls: []
2024-11-17 09:20:44,786 - DEBUG - Function calls: []
2024-11-17 09:20:44,786 - DEBUG - Function calls: []
2024-11-17 09:20:44,786 - DEBUG - Function calls: []
2024-11-17 09:20:44,787 - DEBUG - Function info: {'name': 'generate_retrieval_spec', 'args': ['self', 'query_bundle'], 'returns': 'BaseModel', 'docstring': 'Generate retrieval spec synchronously.', 'decorators': ['abstractmethod'], 'calls': []}
2024-11-17 09:20:44,787 - DEBUG - Function info: {'name': 'generate_retrieval_spec', 'args': ['self', 'query_bundle'], 'returns': 'BaseModel', 'docstring': 'Generate retrieval spec synchronously.', 'decorators': ['abstractmethod'], 'calls': []}
2024-11-17 09:20:44,787 - DEBUG - Function info: {'name': 'generate_retrieval_spec', 'args': ['self', 'query_bundle'], 'returns': 'BaseModel', 'docstring': 'Generate retrieval spec synchronously.', 'decorators': ['abstractmethod'], 'calls': []}
2024-11-17 09:20:44,787 - DEBUG - Function info: {'name': 'generate_retrieval_spec', 'args': ['self', 'query_bundle'], 'returns': 'BaseModel', 'docstring': 'Generate retrieval spec synchronously.', 'decorators': ['abstractmethod'], 'calls': []}
2024-11-17 09:20:44,787 - DEBUG - Found function definition: _build_retriever_from_spec
2024-11-17 09:20:44,787 - DEBUG - Found function definition: _build_retriever_from_spec
2024-11-17 09:20:44,787 - DEBUG - Found function definition: _build_retriever_from_spec
2024-11-17 09:20:44,787 - DEBUG - Found function definition: _build_retriever_from_spec
2024-11-17 09:20:44,787 - DEBUG - Extracting function calls from: _build_retriever_from_spec
2024-11-17 09:20:44,787 - DEBUG - Extracting function calls from: _build_retriever_from_spec
2024-11-17 09:20:44,787 - DEBUG - Extracting function calls from: _build_retriever_from_spec
2024-11-17 09:20:44,787 - DEBUG - Extracting function calls from: _build_retriever_from_spec
2024-11-17 09:20:44,787 - DEBUG - Function calls: []
2024-11-17 09:20:44,787 - DEBUG - Function calls: []
2024-11-17 09:20:44,787 - DEBUG - Function calls: []
2024-11-17 09:20:44,787 - DEBUG - Function calls: []
2024-11-17 09:20:44,787 - DEBUG - Function info: {'name': '_build_retriever_from_spec', 'args': ['self', 'retrieval_spec'], 'returns': "Subscript(value=Name(id='Tuple', ctx=Load()), slice=Tuple(elts=[Name(id='BaseRetriever', ctx=Load()), Name(id='QueryBundle', ctx=Load())], ctx=Load()), ctx=Load())", 'docstring': 'Build retriever from spec and provide query bundle.', 'decorators': ['abstractmethod'], 'calls': []}
2024-11-17 09:20:44,787 - DEBUG - Function info: {'name': '_build_retriever_from_spec', 'args': ['self', 'retrieval_spec'], 'returns': "Subscript(value=Name(id='Tuple', ctx=Load()), slice=Tuple(elts=[Name(id='BaseRetriever', ctx=Load()), Name(id='QueryBundle', ctx=Load())], ctx=Load()), ctx=Load())", 'docstring': 'Build retriever from spec and provide query bundle.', 'decorators': ['abstractmethod'], 'calls': []}
2024-11-17 09:20:44,787 - DEBUG - Function info: {'name': '_build_retriever_from_spec', 'args': ['self', 'retrieval_spec'], 'returns': "Subscript(value=Name(id='Tuple', ctx=Load()), slice=Tuple(elts=[Name(id='BaseRetriever', ctx=Load()), Name(id='QueryBundle', ctx=Load())], ctx=Load()), ctx=Load())", 'docstring': 'Build retriever from spec and provide query bundle.', 'decorators': ['abstractmethod'], 'calls': []}
2024-11-17 09:20:44,787 - DEBUG - Function info: {'name': '_build_retriever_from_spec', 'args': ['self', 'retrieval_spec'], 'returns': "Subscript(value=Name(id='Tuple', ctx=Load()), slice=Tuple(elts=[Name(id='BaseRetriever', ctx=Load()), Name(id='QueryBundle', ctx=Load())], ctx=Load()), ctx=Load())", 'docstring': 'Build retriever from spec and provide query bundle.', 'decorators': ['abstractmethod'], 'calls': []}
2024-11-17 09:20:44,788 - DEBUG - Found function definition: _retrieve
2024-11-17 09:20:44,788 - DEBUG - Found function definition: _retrieve
2024-11-17 09:20:44,788 - DEBUG - Found function definition: _retrieve
2024-11-17 09:20:44,788 - DEBUG - Found function definition: _retrieve
2024-11-17 09:20:44,788 - DEBUG - Extracting function calls from: _retrieve
2024-11-17 09:20:44,788 - DEBUG - Extracting function calls from: _retrieve
2024-11-17 09:20:44,788 - DEBUG - Extracting function calls from: _retrieve
2024-11-17 09:20:44,788 - DEBUG - Extracting function calls from: _retrieve
2024-11-17 09:20:44,788 - DEBUG - Found method call: generate_retrieval_spec
2024-11-17 09:20:44,788 - DEBUG - Found method call: generate_retrieval_spec
2024-11-17 09:20:44,788 - DEBUG - Found method call: generate_retrieval_spec
2024-11-17 09:20:44,788 - DEBUG - Found method call: generate_retrieval_spec
2024-11-17 09:20:44,788 - DEBUG - Found method call: _build_retriever_from_spec
2024-11-17 09:20:44,788 - DEBUG - Found method call: _build_retriever_from_spec
2024-11-17 09:20:44,788 - DEBUG - Found method call: _build_retriever_from_spec
2024-11-17 09:20:44,788 - DEBUG - Found method call: _build_retriever_from_spec
2024-11-17 09:20:44,788 - DEBUG - Found method call: retrieve
2024-11-17 09:20:44,788 - DEBUG - Found method call: retrieve
2024-11-17 09:20:44,788 - DEBUG - Found method call: retrieve
2024-11-17 09:20:44,788 - DEBUG - Found method call: retrieve
2024-11-17 09:20:44,789 - DEBUG - Function calls: ['generate_retrieval_spec', '_build_retriever_from_spec', 'retrieve']
2024-11-17 09:20:44,789 - DEBUG - Function calls: ['generate_retrieval_spec', '_build_retriever_from_spec', 'retrieve']
2024-11-17 09:20:44,789 - DEBUG - Function calls: ['generate_retrieval_spec', '_build_retriever_from_spec', 'retrieve']
2024-11-17 09:20:44,789 - DEBUG - Function calls: ['generate_retrieval_spec', '_build_retriever_from_spec', 'retrieve']
2024-11-17 09:20:44,789 - DEBUG - Function info: {'name': '_retrieve', 'args': ['self', 'query_bundle'], 'returns': "Subscript(value=Name(id='List', ctx=Load()), slice=Name(id='NodeWithScore', ctx=Load()), ctx=Load())", 'docstring': 'Retrieve using generated spec.', 'decorators': [], 'calls': ['generate_retrieval_spec', '_build_retriever_from_spec', 'retrieve']}
2024-11-17 09:20:44,789 - DEBUG - Function info: {'name': '_retrieve', 'args': ['self', 'query_bundle'], 'returns': "Subscript(value=Name(id='List', ctx=Load()), slice=Name(id='NodeWithScore', ctx=Load()), ctx=Load())", 'docstring': 'Retrieve using generated spec.', 'decorators': [], 'calls': ['generate_retrieval_spec', '_build_retriever_from_spec', 'retrieve']}
2024-11-17 09:20:44,789 - DEBUG - Function info: {'name': '_retrieve', 'args': ['self', 'query_bundle'], 'returns': "Subscript(value=Name(id='List', ctx=Load()), slice=Name(id='NodeWithScore', ctx=Load()), ctx=Load())", 'docstring': 'Retrieve using generated spec.', 'decorators': [], 'calls': ['generate_retrieval_spec', '_build_retriever_from_spec', 'retrieve']}
2024-11-17 09:20:44,789 - DEBUG - Function info: {'name': '_retrieve', 'args': ['self', 'query_bundle'], 'returns': "Subscript(value=Name(id='List', ctx=Load()), slice=Name(id='NodeWithScore', ctx=Load()), ctx=Load())", 'docstring': 'Retrieve using generated spec.', 'decorators': [], 'calls': ['generate_retrieval_spec', '_build_retriever_from_spec', 'retrieve']}
2024-11-17 09:20:44,789 - DEBUG - Found class definition: BaseAutoRetriever
2024-11-17 09:20:44,789 - DEBUG - Found class definition: BaseAutoRetriever
2024-11-17 09:20:44,789 - DEBUG - Found class definition: BaseAutoRetriever
2024-11-17 09:20:44,789 - DEBUG - Found class definition: BaseAutoRetriever
2024-11-17 09:20:44,789 - DEBUG - Class info: {'name': 'BaseAutoRetriever', 'methods': ['generate_retrieval_spec', '_build_retriever_from_spec', '_retrieve'], 'docstring': 'Base auto retriever.'}
2024-11-17 09:20:44,789 - DEBUG - Class info: {'name': 'BaseAutoRetriever', 'methods': ['generate_retrieval_spec', '_build_retriever_from_spec', '_retrieve'], 'docstring': 'Base auto retriever.'}
2024-11-17 09:20:44,789 - DEBUG - Class info: {'name': 'BaseAutoRetriever', 'methods': ['generate_retrieval_spec', '_build_retriever_from_spec', '_retrieve'], 'docstring': 'Base auto retriever.'}
2024-11-17 09:20:44,789 - DEBUG - Class info: {'name': 'BaseAutoRetriever', 'methods': ['generate_retrieval_spec', '_build_retriever_from_spec', '_retrieve'], 'docstring': 'Base auto retriever.'}
2024-11-17 09:20:44,790 - DEBUG - Found import from: abc
2024-11-17 09:20:44,790 - DEBUG - Found import from: abc
2024-11-17 09:20:44,790 - DEBUG - Found import from: abc
2024-11-17 09:20:44,790 - DEBUG - Found import from: abc
2024-11-17 09:20:44,790 - DEBUG - Found import from: typing
2024-11-17 09:20:44,790 - DEBUG - Found import from: typing
2024-11-17 09:20:44,790 - DEBUG - Found import from: typing
2024-11-17 09:20:44,790 - DEBUG - Found import from: typing
2024-11-17 09:20:44,790 - DEBUG - Found import from: llama_index.core.base.base_retriever
2024-11-17 09:20:44,790 - DEBUG - Found import from: llama_index.core.base.base_retriever
2024-11-17 09:20:44,790 - DEBUG - Found import from: llama_index.core.base.base_retriever
2024-11-17 09:20:44,790 - DEBUG - Found import from: llama_index.core.base.base_retriever
2024-11-17 09:20:44,790 - DEBUG - Found import from: llama_index.core.bridge.pydantic
2024-11-17 09:20:44,790 - DEBUG - Found import from: llama_index.core.bridge.pydantic
2024-11-17 09:20:44,790 - DEBUG - Found import from: llama_index.core.bridge.pydantic
2024-11-17 09:20:44,790 - DEBUG - Found import from: llama_index.core.bridge.pydantic
2024-11-17 09:20:44,790 - DEBUG - Found import from: llama_index.core.schema
2024-11-17 09:20:44,790 - DEBUG - Found import from: llama_index.core.schema
2024-11-17 09:20:44,790 - DEBUG - Found import from: llama_index.core.schema
2024-11-17 09:20:44,790 - DEBUG - Found import from: llama_index.core.schema
2024-11-17 09:20:44,791 - DEBUG - Found variable assignment: retrieval_spec = Call(func=Attribute(value=Name(id='self', ctx=Load()), attr='generate_retrieval_spec', ctx=Load()), args=[Name(id='query_bundle', ctx=Load())])
2024-11-17 09:20:44,791 - DEBUG - Found variable assignment: retrieval_spec = Call(func=Attribute(value=Name(id='self', ctx=Load()), attr='generate_retrieval_spec', ctx=Load()), args=[Name(id='query_bundle', ctx=Load())])
2024-11-17 09:20:44,791 - DEBUG - Found variable assignment: retrieval_spec = Call(func=Attribute(value=Name(id='self', ctx=Load()), attr='generate_retrieval_spec', ctx=Load()), args=[Name(id='query_bundle', ctx=Load())])
2024-11-17 09:20:44,791 - DEBUG - Found variable assignment: retrieval_spec = Call(func=Attribute(value=Name(id='self', ctx=Load()), attr='generate_retrieval_spec', ctx=Load()), args=[Name(id='query_bundle', ctx=Load())])
2024-11-17 09:20:44,791 - DEBUG - Found variable assignment: retrieval_spec = Await(value=Call(func=Attribute(value=Name(id='self', ctx=Load()), attr='agenerate_retrieval_spec', ctx=Load()), args=[Name(id='query_bundle', ctx=Load())]))
2024-11-17 09:20:44,791 - DEBUG - Found variable assignment: retrieval_spec = Await(value=Call(func=Attribute(value=Name(id='self', ctx=Load()), attr='agenerate_retrieval_spec', ctx=Load()), args=[Name(id='query_bundle', ctx=Load())]))
2024-11-17 09:20:44,791 - DEBUG - Found variable assignment: retrieval_spec = Await(value=Call(func=Attribute(value=Name(id='self', ctx=Load()), attr='agenerate_retrieval_spec', ctx=Load()), args=[Name(id='query_bundle', ctx=Load())]))
2024-11-17 09:20:44,791 - DEBUG - Found variable assignment: retrieval_spec = Await(value=Call(func=Attribute(value=Name(id='self', ctx=Load()), attr='agenerate_retrieval_spec', ctx=Load()), args=[Name(id='query_bundle', ctx=Load())]))
2024-11-17 09:20:44,791 - INFO - Parsed file: ./code_base_small\base_auto_retriever.py
2024-11-17 09:20:44,791 - INFO - Parsed file: ./code_base_small\base_auto_retriever.py
2024-11-17 09:20:44,791 - INFO - Parsed file: ./code_base_small\base_auto_retriever.py
2024-11-17 09:20:44,791 - INFO - Parsed file: ./code_base_small\base_auto_retriever.py
2024-11-17 09:20:44,792 - DEBUG - Functions in ./code_base_small\base_auto_retriever.py: [{'name': 'generate_retrieval_spec', 'args': ['self', 'query_bundle'], 'returns': 'BaseModel', 'docstring': 'Generate retrieval spec synchronously.', 'decorators': ['abstractmethod'], 'calls': []}, {'name': '_build_retriever_from_spec', 'args': ['self', 'retrieval_spec'], 'returns': "Subscript(value=Name(id='Tuple', ctx=Load()), slice=Tuple(elts=[Name(id='BaseRetriever', ctx=Load()), Name(id='QueryBundle', ctx=Load())], ctx=Load()), ctx=Load())", 'docstring': 'Build retriever from spec and provide query bundle.', 'decorators': ['abstractmethod'], 'calls': []}, {'name': '_retrieve', 'args': ['self', 'query_bundle'], 'returns': "Subscript(value=Name(id='List', ctx=Load()), slice=Name(id='NodeWithScore', ctx=Load()), ctx=Load())", 'docstring': 'Retrieve using generated spec.', 'decorators': [], 'calls': ['generate_retrieval_spec', '_build_retriever_from_spec', 'retrieve']}]
2024-11-17 09:20:44,792 - DEBUG - Functions in ./code_base_small\base_auto_retriever.py: [{'name': 'generate_retrieval_spec', 'args': ['self', 'query_bundle'], 'returns': 'BaseModel', 'docstring': 'Generate retrieval spec synchronously.', 'decorators': ['abstractmethod'], 'calls': []}, {'name': '_build_retriever_from_spec', 'args': ['self', 'retrieval_spec'], 'returns': "Subscript(value=Name(id='Tuple', ctx=Load()), slice=Tuple(elts=[Name(id='BaseRetriever', ctx=Load()), Name(id='QueryBundle', ctx=Load())], ctx=Load()), ctx=Load())", 'docstring': 'Build retriever from spec and provide query bundle.', 'decorators': ['abstractmethod'], 'calls': []}, {'name': '_retrieve', 'args': ['self', 'query_bundle'], 'returns': "Subscript(value=Name(id='List', ctx=Load()), slice=Name(id='NodeWithScore', ctx=Load()), ctx=Load())", 'docstring': 'Retrieve using generated spec.', 'decorators': [], 'calls': ['generate_retrieval_spec', '_build_retriever_from_spec', 'retrieve']}]
2024-11-17 09:20:44,792 - DEBUG - Functions in ./code_base_small\base_auto_retriever.py: [{'name': 'generate_retrieval_spec', 'args': ['self', 'query_bundle'], 'returns': 'BaseModel', 'docstring': 'Generate retrieval spec synchronously.', 'decorators': ['abstractmethod'], 'calls': []}, {'name': '_build_retriever_from_spec', 'args': ['self', 'retrieval_spec'], 'returns': "Subscript(value=Name(id='Tuple', ctx=Load()), slice=Tuple(elts=[Name(id='BaseRetriever', ctx=Load()), Name(id='QueryBundle', ctx=Load())], ctx=Load()), ctx=Load())", 'docstring': 'Build retriever from spec and provide query bundle.', 'decorators': ['abstractmethod'], 'calls': []}, {'name': '_retrieve', 'args': ['self', 'query_bundle'], 'returns': "Subscript(value=Name(id='List', ctx=Load()), slice=Name(id='NodeWithScore', ctx=Load()), ctx=Load())", 'docstring': 'Retrieve using generated spec.', 'decorators': [], 'calls': ['generate_retrieval_spec', '_build_retriever_from_spec', 'retrieve']}]
2024-11-17 09:20:44,792 - DEBUG - Functions in ./code_base_small\base_auto_retriever.py: [{'name': 'generate_retrieval_spec', 'args': ['self', 'query_bundle'], 'returns': 'BaseModel', 'docstring': 'Generate retrieval spec synchronously.', 'decorators': ['abstractmethod'], 'calls': []}, {'name': '_build_retriever_from_spec', 'args': ['self', 'retrieval_spec'], 'returns': "Subscript(value=Name(id='Tuple', ctx=Load()), slice=Tuple(elts=[Name(id='BaseRetriever', ctx=Load()), Name(id='QueryBundle', ctx=Load())], ctx=Load()), ctx=Load())", 'docstring': 'Build retriever from spec and provide query bundle.', 'decorators': ['abstractmethod'], 'calls': []}, {'name': '_retrieve', 'args': ['self', 'query_bundle'], 'returns': "Subscript(value=Name(id='List', ctx=Load()), slice=Name(id='NodeWithScore', ctx=Load()), ctx=Load())", 'docstring': 'Retrieve using generated spec.', 'decorators': [], 'calls': ['generate_retrieval_spec', '_build_retriever_from_spec', 'retrieve']}]
2024-11-17 09:20:44,792 - DEBUG - Classes in ./code_base_small\base_auto_retriever.py: [{'name': 'BaseAutoRetriever', 'methods': ['generate_retrieval_spec', '_build_retriever_from_spec', '_retrieve'], 'docstring': 'Base auto retriever.'}]
2024-11-17 09:20:44,792 - DEBUG - Classes in ./code_base_small\base_auto_retriever.py: [{'name': 'BaseAutoRetriever', 'methods': ['generate_retrieval_spec', '_build_retriever_from_spec', '_retrieve'], 'docstring': 'Base auto retriever.'}]
2024-11-17 09:20:44,792 - DEBUG - Classes in ./code_base_small\base_auto_retriever.py: [{'name': 'BaseAutoRetriever', 'methods': ['generate_retrieval_spec', '_build_retriever_from_spec', '_retrieve'], 'docstring': 'Base auto retriever.'}]
2024-11-17 09:20:44,792 - DEBUG - Classes in ./code_base_small\base_auto_retriever.py: [{'name': 'BaseAutoRetriever', 'methods': ['generate_retrieval_spec', '_build_retriever_from_spec', '_retrieve'], 'docstring': 'Base auto retriever.'}]
2024-11-17 09:20:44,792 - DEBUG - Imports in ./code_base_small\base_auto_retriever.py: ['abc.abstractmethod', 'typing.Any', 'typing.List', 'typing.Tuple', 'llama_index.core.base.base_retriever.BaseRetriever', 'llama_index.core.bridge.pydantic.BaseModel', 'llama_index.core.schema.NodeWithScore', 'llama_index.core.schema.QueryBundle']
2024-11-17 09:20:44,792 - DEBUG - Imports in ./code_base_small\base_auto_retriever.py: ['abc.abstractmethod', 'typing.Any', 'typing.List', 'typing.Tuple', 'llama_index.core.base.base_retriever.BaseRetriever', 'llama_index.core.bridge.pydantic.BaseModel', 'llama_index.core.schema.NodeWithScore', 'llama_index.core.schema.QueryBundle']
2024-11-17 09:20:44,792 - DEBUG - Imports in ./code_base_small\base_auto_retriever.py: ['abc.abstractmethod', 'typing.Any', 'typing.List', 'typing.Tuple', 'llama_index.core.base.base_retriever.BaseRetriever', 'llama_index.core.bridge.pydantic.BaseModel', 'llama_index.core.schema.NodeWithScore', 'llama_index.core.schema.QueryBundle']
2024-11-17 09:20:44,792 - DEBUG - Imports in ./code_base_small\base_auto_retriever.py: ['abc.abstractmethod', 'typing.Any', 'typing.List', 'typing.Tuple', 'llama_index.core.base.base_retriever.BaseRetriever', 'llama_index.core.bridge.pydantic.BaseModel', 'llama_index.core.schema.NodeWithScore', 'llama_index.core.schema.QueryBundle']
2024-11-17 09:20:44,792 - DEBUG - Variables in ./code_base_small\base_auto_retriever.py: [{'name': 'retrieval_spec', 'value': "Call(func=Attribute(value=Name(id='self', ctx=Load()), attr='generate_retrieval_spec', ctx=Load()), args=[Name(id='query_bundle', ctx=Load())])"}, {'name': 'retrieval_spec', 'value': "Await(value=Call(func=Attribute(value=Name(id='self', ctx=Load()), attr='agenerate_retrieval_spec', ctx=Load()), args=[Name(id='query_bundle', ctx=Load())]))"}]
2024-11-17 09:20:44,792 - DEBUG - Variables in ./code_base_small\base_auto_retriever.py: [{'name': 'retrieval_spec', 'value': "Call(func=Attribute(value=Name(id='self', ctx=Load()), attr='generate_retrieval_spec', ctx=Load()), args=[Name(id='query_bundle', ctx=Load())])"}, {'name': 'retrieval_spec', 'value': "Await(value=Call(func=Attribute(value=Name(id='self', ctx=Load()), attr='agenerate_retrieval_spec', ctx=Load()), args=[Name(id='query_bundle', ctx=Load())]))"}]
2024-11-17 09:20:44,792 - DEBUG - Variables in ./code_base_small\base_auto_retriever.py: [{'name': 'retrieval_spec', 'value': "Call(func=Attribute(value=Name(id='self', ctx=Load()), attr='generate_retrieval_spec', ctx=Load()), args=[Name(id='query_bundle', ctx=Load())])"}, {'name': 'retrieval_spec', 'value': "Await(value=Call(func=Attribute(value=Name(id='self', ctx=Load()), attr='agenerate_retrieval_spec', ctx=Load()), args=[Name(id='query_bundle', ctx=Load())]))"}]
2024-11-17 09:20:44,792 - DEBUG - Variables in ./code_base_small\base_auto_retriever.py: [{'name': 'retrieval_spec', 'value': "Call(func=Attribute(value=Name(id='self', ctx=Load()), attr='generate_retrieval_spec', ctx=Load()), args=[Name(id='query_bundle', ctx=Load())])"}, {'name': 'retrieval_spec', 'value': "Await(value=Call(func=Attribute(value=Name(id='self', ctx=Load()), attr='agenerate_retrieval_spec', ctx=Load()), args=[Name(id='query_bundle', ctx=Load())]))"}]
2024-11-17 09:20:44,793 - INFO - Writing functions data to logs\parsed_data\functions.jsonl...
2024-11-17 09:20:44,793 - INFO - Writing functions data to logs\parsed_data\functions.jsonl...
2024-11-17 09:20:44,793 - INFO - Writing functions data to logs\parsed_data\functions.jsonl...
2024-11-17 09:20:44,793 - INFO - Writing functions data to logs\parsed_data\functions.jsonl...
2024-11-17 09:20:44,793 - DEBUG - Functions data size: 3
2024-11-17 09:20:44,793 - DEBUG - Functions data size: 3
2024-11-17 09:20:44,793 - DEBUG - Functions data size: 3
2024-11-17 09:20:44,793 - DEBUG - Functions data size: 3
2024-11-17 09:20:44,794 - DEBUG - Wrote {"name": "generate_retrieval_spec", "args": ["self", "query_bundle"], "returns": "BaseModel", "docstring": "Generate retrieval spec synchronously.", "decorators": ["abstractmethod"], "calls": []} to logs\parsed_data\functions.jsonl
2024-11-17 09:20:44,794 - DEBUG - Wrote {"name": "generate_retrieval_spec", "args": ["self", "query_bundle"], "returns": "BaseModel", "docstring": "Generate retrieval spec synchronously.", "decorators": ["abstractmethod"], "calls": []} to logs\parsed_data\functions.jsonl
2024-11-17 09:20:44,794 - DEBUG - Wrote {"name": "generate_retrieval_spec", "args": ["self", "query_bundle"], "returns": "BaseModel", "docstring": "Generate retrieval spec synchronously.", "decorators": ["abstractmethod"], "calls": []} to logs\parsed_data\functions.jsonl
2024-11-17 09:20:44,794 - DEBUG - Wrote {"name": "generate_retrieval_spec", "args": ["self", "query_bundle"], "returns": "BaseModel", "docstring": "Generate retrieval spec synchronously.", "decorators": ["abstractmethod"], "calls": []} to logs\parsed_data\functions.jsonl
2024-11-17 09:20:44,794 - DEBUG - Wrote {"name": "_build_retriever_from_spec", "args": ["self", "retrieval_spec"], "returns": "Subscript(value=Name(id='Tuple', ctx=Load()), slice=Tuple(elts=[Name(id='BaseRetriever', ctx=Load()), Name(id='QueryBundle', ctx=Load())], ctx=Load()), ctx=Load())", "docstring": "Build retriever from spec and provide query bundle.", "decorators": ["abstractmethod"], "calls": []} to logs\parsed_data\functions.jsonl
2024-11-17 09:20:44,794 - DEBUG - Wrote {"name": "_build_retriever_from_spec", "args": ["self", "retrieval_spec"], "returns": "Subscript(value=Name(id='Tuple', ctx=Load()), slice=Tuple(elts=[Name(id='BaseRetriever', ctx=Load()), Name(id='QueryBundle', ctx=Load())], ctx=Load()), ctx=Load())", "docstring": "Build retriever from spec and provide query bundle.", "decorators": ["abstractmethod"], "calls": []} to logs\parsed_data\functions.jsonl
2024-11-17 09:20:44,794 - DEBUG - Wrote {"name": "_build_retriever_from_spec", "args": ["self", "retrieval_spec"], "returns": "Subscript(value=Name(id='Tuple', ctx=Load()), slice=Tuple(elts=[Name(id='BaseRetriever', ctx=Load()), Name(id='QueryBundle', ctx=Load())], ctx=Load()), ctx=Load())", "docstring": "Build retriever from spec and provide query bundle.", "decorators": ["abstractmethod"], "calls": []} to logs\parsed_data\functions.jsonl
2024-11-17 09:20:44,794 - DEBUG - Wrote {"name": "_build_retriever_from_spec", "args": ["self", "retrieval_spec"], "returns": "Subscript(value=Name(id='Tuple', ctx=Load()), slice=Tuple(elts=[Name(id='BaseRetriever', ctx=Load()), Name(id='QueryBundle', ctx=Load())], ctx=Load()), ctx=Load())", "docstring": "Build retriever from spec and provide query bundle.", "decorators": ["abstractmethod"], "calls": []} to logs\parsed_data\functions.jsonl
2024-11-17 09:20:44,795 - DEBUG - Wrote {"name": "_retrieve", "args": ["self", "query_bundle"], "returns": "Subscript(value=Name(id='List', ctx=Load()), slice=Name(id='NodeWithScore', ctx=Load()), ctx=Load())", "docstring": "Retrieve using generated spec.", "decorators": [], "calls": ["generate_retrieval_spec", "_build_retriever_from_spec", "retrieve"]} to logs\parsed_data\functions.jsonl
2024-11-17 09:20:44,795 - DEBUG - Wrote {"name": "_retrieve", "args": ["self", "query_bundle"], "returns": "Subscript(value=Name(id='List', ctx=Load()), slice=Name(id='NodeWithScore', ctx=Load()), ctx=Load())", "docstring": "Retrieve using generated spec.", "decorators": [], "calls": ["generate_retrieval_spec", "_build_retriever_from_spec", "retrieve"]} to logs\parsed_data\functions.jsonl
2024-11-17 09:20:44,795 - DEBUG - Wrote {"name": "_retrieve", "args": ["self", "query_bundle"], "returns": "Subscript(value=Name(id='List', ctx=Load()), slice=Name(id='NodeWithScore', ctx=Load()), ctx=Load())", "docstring": "Retrieve using generated spec.", "decorators": [], "calls": ["generate_retrieval_spec", "_build_retriever_from_spec", "retrieve"]} to logs\parsed_data\functions.jsonl
2024-11-17 09:20:44,795 - DEBUG - Wrote {"name": "_retrieve", "args": ["self", "query_bundle"], "returns": "Subscript(value=Name(id='List', ctx=Load()), slice=Name(id='NodeWithScore', ctx=Load()), ctx=Load())", "docstring": "Retrieve using generated spec.", "decorators": [], "calls": ["generate_retrieval_spec", "_build_retriever_from_spec", "retrieve"]} to logs\parsed_data\functions.jsonl
2024-11-17 09:20:44,795 - INFO - Saved functions data to logs\parsed_data\functions.jsonl
2024-11-17 09:20:44,795 - INFO - Saved functions data to logs\parsed_data\functions.jsonl
2024-11-17 09:20:44,795 - INFO - Saved functions data to logs\parsed_data\functions.jsonl
2024-11-17 09:20:44,795 - INFO - Saved functions data to logs\parsed_data\functions.jsonl
2024-11-17 09:20:44,795 - INFO - Writing classes data to logs\parsed_data\classes.jsonl...
2024-11-17 09:20:44,795 - INFO - Writing classes data to logs\parsed_data\classes.jsonl...
2024-11-17 09:20:44,795 - INFO - Writing classes data to logs\parsed_data\classes.jsonl...
2024-11-17 09:20:44,795 - INFO - Writing classes data to logs\parsed_data\classes.jsonl...
2024-11-17 09:20:44,795 - DEBUG - Classes data size: 1
2024-11-17 09:20:44,795 - DEBUG - Classes data size: 1
2024-11-17 09:20:44,795 - DEBUG - Classes data size: 1
2024-11-17 09:20:44,795 - DEBUG - Classes data size: 1
2024-11-17 09:20:44,796 - DEBUG - Wrote {"name": "BaseAutoRetriever", "methods": ["generate_retrieval_spec", "_build_retriever_from_spec", "_retrieve"], "docstring": "Base auto retriever."} to logs\parsed_data\classes.jsonl
2024-11-17 09:20:44,796 - DEBUG - Wrote {"name": "BaseAutoRetriever", "methods": ["generate_retrieval_spec", "_build_retriever_from_spec", "_retrieve"], "docstring": "Base auto retriever."} to logs\parsed_data\classes.jsonl
2024-11-17 09:20:44,796 - DEBUG - Wrote {"name": "BaseAutoRetriever", "methods": ["generate_retrieval_spec", "_build_retriever_from_spec", "_retrieve"], "docstring": "Base auto retriever."} to logs\parsed_data\classes.jsonl
2024-11-17 09:20:44,796 - DEBUG - Wrote {"name": "BaseAutoRetriever", "methods": ["generate_retrieval_spec", "_build_retriever_from_spec", "_retrieve"], "docstring": "Base auto retriever."} to logs\parsed_data\classes.jsonl
2024-11-17 09:20:44,796 - INFO - Saved classes data to logs\parsed_data\classes.jsonl
2024-11-17 09:20:44,796 - INFO - Saved classes data to logs\parsed_data\classes.jsonl
2024-11-17 09:20:44,796 - INFO - Saved classes data to logs\parsed_data\classes.jsonl
2024-11-17 09:20:44,796 - INFO - Saved classes data to logs\parsed_data\classes.jsonl
2024-11-17 09:20:44,797 - INFO - Writing imports data to logs\parsed_data\imports.jsonl...
2024-11-17 09:20:44,797 - INFO - Writing imports data to logs\parsed_data\imports.jsonl...
2024-11-17 09:20:44,797 - INFO - Writing imports data to logs\parsed_data\imports.jsonl...
2024-11-17 09:20:44,797 - INFO - Writing imports data to logs\parsed_data\imports.jsonl...
2024-11-17 09:20:44,797 - DEBUG - Imports data size: 8
2024-11-17 09:20:44,797 - DEBUG - Imports data size: 8
2024-11-17 09:20:44,797 - DEBUG - Imports data size: 8
2024-11-17 09:20:44,797 - DEBUG - Imports data size: 8
2024-11-17 09:20:44,797 - DEBUG - Wrote "abc.abstractmethod" to logs\parsed_data\imports.jsonl
2024-11-17 09:20:44,797 - DEBUG - Wrote "abc.abstractmethod" to logs\parsed_data\imports.jsonl
2024-11-17 09:20:44,797 - DEBUG - Wrote "abc.abstractmethod" to logs\parsed_data\imports.jsonl
2024-11-17 09:20:44,797 - DEBUG - Wrote "abc.abstractmethod" to logs\parsed_data\imports.jsonl
2024-11-17 09:20:44,798 - DEBUG - Wrote "typing.Any" to logs\parsed_data\imports.jsonl
2024-11-17 09:20:44,798 - DEBUG - Wrote "typing.Any" to logs\parsed_data\imports.jsonl
2024-11-17 09:20:44,798 - DEBUG - Wrote "typing.Any" to logs\parsed_data\imports.jsonl
2024-11-17 09:20:44,798 - DEBUG - Wrote "typing.Any" to logs\parsed_data\imports.jsonl
2024-11-17 09:20:44,798 - DEBUG - Wrote "typing.List" to logs\parsed_data\imports.jsonl
2024-11-17 09:20:44,798 - DEBUG - Wrote "typing.List" to logs\parsed_data\imports.jsonl
2024-11-17 09:20:44,798 - DEBUG - Wrote "typing.List" to logs\parsed_data\imports.jsonl
2024-11-17 09:20:44,798 - DEBUG - Wrote "typing.List" to logs\parsed_data\imports.jsonl
2024-11-17 09:20:44,798 - DEBUG - Wrote "typing.Tuple" to logs\parsed_data\imports.jsonl
2024-11-17 09:20:44,798 - DEBUG - Wrote "typing.Tuple" to logs\parsed_data\imports.jsonl
2024-11-17 09:20:44,798 - DEBUG - Wrote "typing.Tuple" to logs\parsed_data\imports.jsonl
2024-11-17 09:20:44,798 - DEBUG - Wrote "typing.Tuple" to logs\parsed_data\imports.jsonl
2024-11-17 09:20:44,798 - DEBUG - Wrote "llama_index.core.base.base_retriever.BaseRetriever" to logs\parsed_data\imports.jsonl
2024-11-17 09:20:44,798 - DEBUG - Wrote "llama_index.core.base.base_retriever.BaseRetriever" to logs\parsed_data\imports.jsonl
2024-11-17 09:20:44,798 - DEBUG - Wrote "llama_index.core.base.base_retriever.BaseRetriever" to logs\parsed_data\imports.jsonl
2024-11-17 09:20:44,798 - DEBUG - Wrote "llama_index.core.base.base_retriever.BaseRetriever" to logs\parsed_data\imports.jsonl
2024-11-17 09:20:44,798 - DEBUG - Wrote "llama_index.core.bridge.pydantic.BaseModel" to logs\parsed_data\imports.jsonl
2024-11-17 09:20:44,798 - DEBUG - Wrote "llama_index.core.bridge.pydantic.BaseModel" to logs\parsed_data\imports.jsonl
2024-11-17 09:20:44,798 - DEBUG - Wrote "llama_index.core.bridge.pydantic.BaseModel" to logs\parsed_data\imports.jsonl
2024-11-17 09:20:44,798 - DEBUG - Wrote "llama_index.core.bridge.pydantic.BaseModel" to logs\parsed_data\imports.jsonl
2024-11-17 09:20:44,799 - DEBUG - Wrote "llama_index.core.schema.NodeWithScore" to logs\parsed_data\imports.jsonl
2024-11-17 09:20:44,799 - DEBUG - Wrote "llama_index.core.schema.NodeWithScore" to logs\parsed_data\imports.jsonl
2024-11-17 09:20:44,799 - DEBUG - Wrote "llama_index.core.schema.NodeWithScore" to logs\parsed_data\imports.jsonl
2024-11-17 09:20:44,799 - DEBUG - Wrote "llama_index.core.schema.NodeWithScore" to logs\parsed_data\imports.jsonl
2024-11-17 09:20:44,799 - DEBUG - Wrote "llama_index.core.schema.QueryBundle" to logs\parsed_data\imports.jsonl
2024-11-17 09:20:44,799 - DEBUG - Wrote "llama_index.core.schema.QueryBundle" to logs\parsed_data\imports.jsonl
2024-11-17 09:20:44,799 - DEBUG - Wrote "llama_index.core.schema.QueryBundle" to logs\parsed_data\imports.jsonl
2024-11-17 09:20:44,799 - DEBUG - Wrote "llama_index.core.schema.QueryBundle" to logs\parsed_data\imports.jsonl
2024-11-17 09:20:44,799 - INFO - Saved imports data to logs\parsed_data\imports.jsonl
2024-11-17 09:20:44,799 - INFO - Saved imports data to logs\parsed_data\imports.jsonl
2024-11-17 09:20:44,799 - INFO - Saved imports data to logs\parsed_data\imports.jsonl
2024-11-17 09:20:44,799 - INFO - Saved imports data to logs\parsed_data\imports.jsonl
2024-11-17 09:20:44,799 - INFO - Writing variables data to logs\parsed_data\variables.jsonl...
2024-11-17 09:20:44,799 - INFO - Writing variables data to logs\parsed_data\variables.jsonl...
2024-11-17 09:20:44,799 - INFO - Writing variables data to logs\parsed_data\variables.jsonl...
2024-11-17 09:20:44,799 - INFO - Writing variables data to logs\parsed_data\variables.jsonl...
2024-11-17 09:20:44,799 - DEBUG - Variables data size: 2
2024-11-17 09:20:44,799 - DEBUG - Variables data size: 2
2024-11-17 09:20:44,799 - DEBUG - Variables data size: 2
2024-11-17 09:20:44,799 - DEBUG - Variables data size: 2
2024-11-17 09:20:44,800 - DEBUG - Wrote {"name": "retrieval_spec", "value": "Call(func=Attribute(value=Name(id='self', ctx=Load()), attr='generate_retrieval_spec', ctx=Load()), args=[Name(id='query_bundle', ctx=Load())])"} to logs\parsed_data\variables.jsonl
2024-11-17 09:20:44,800 - DEBUG - Wrote {"name": "retrieval_spec", "value": "Call(func=Attribute(value=Name(id='self', ctx=Load()), attr='generate_retrieval_spec', ctx=Load()), args=[Name(id='query_bundle', ctx=Load())])"} to logs\parsed_data\variables.jsonl
2024-11-17 09:20:44,800 - DEBUG - Wrote {"name": "retrieval_spec", "value": "Call(func=Attribute(value=Name(id='self', ctx=Load()), attr='generate_retrieval_spec', ctx=Load()), args=[Name(id='query_bundle', ctx=Load())])"} to logs\parsed_data\variables.jsonl
2024-11-17 09:20:44,800 - DEBUG - Wrote {"name": "retrieval_spec", "value": "Call(func=Attribute(value=Name(id='self', ctx=Load()), attr='generate_retrieval_spec', ctx=Load()), args=[Name(id='query_bundle', ctx=Load())])"} to logs\parsed_data\variables.jsonl
2024-11-17 09:20:44,801 - DEBUG - Wrote {"name": "retrieval_spec", "value": "Await(value=Call(func=Attribute(value=Name(id='self', ctx=Load()), attr='agenerate_retrieval_spec', ctx=Load()), args=[Name(id='query_bundle', ctx=Load())]))"} to logs\parsed_data\variables.jsonl
2024-11-17 09:20:44,801 - DEBUG - Wrote {"name": "retrieval_spec", "value": "Await(value=Call(func=Attribute(value=Name(id='self', ctx=Load()), attr='agenerate_retrieval_spec', ctx=Load()), args=[Name(id='query_bundle', ctx=Load())]))"} to logs\parsed_data\variables.jsonl
2024-11-17 09:20:44,801 - DEBUG - Wrote {"name": "retrieval_spec", "value": "Await(value=Call(func=Attribute(value=Name(id='self', ctx=Load()), attr='agenerate_retrieval_spec', ctx=Load()), args=[Name(id='query_bundle', ctx=Load())]))"} to logs\parsed_data\variables.jsonl
2024-11-17 09:20:44,801 - DEBUG - Wrote {"name": "retrieval_spec", "value": "Await(value=Call(func=Attribute(value=Name(id='self', ctx=Load()), attr='agenerate_retrieval_spec', ctx=Load()), args=[Name(id='query_bundle', ctx=Load())]))"} to logs\parsed_data\variables.jsonl
2024-11-17 09:20:44,801 - INFO - Saved variables data to logs\parsed_data\variables.jsonl
2024-11-17 09:20:44,801 - INFO - Saved variables data to logs\parsed_data\variables.jsonl
2024-11-17 09:20:44,801 - INFO - Saved variables data to logs\parsed_data\variables.jsonl
2024-11-17 09:20:44,801 - INFO - Saved variables data to logs\parsed_data\variables.jsonl
2024-11-17 09:20:44,801 - DEBUG - Aggregated so far: 3 functions, 1 classes, 8 imports, 2 variables.
2024-11-17 09:20:44,801 - DEBUG - Aggregated so far: 3 functions, 1 classes, 8 imports, 2 variables.
2024-11-17 09:20:44,801 - DEBUG - Aggregated so far: 3 functions, 1 classes, 8 imports, 2 variables.
2024-11-17 09:20:44,801 - DEBUG - Aggregated so far: 3 functions, 1 classes, 8 imports, 2 variables.
2024-11-17 09:20:44,802 - DEBUG - Found Python file: ./code_base_small\base_multi_modal_retriever.py
2024-11-17 09:20:44,802 - DEBUG - Found Python file: ./code_base_small\base_multi_modal_retriever.py
2024-11-17 09:20:44,802 - DEBUG - Found Python file: ./code_base_small\base_multi_modal_retriever.py
2024-11-17 09:20:44,802 - DEBUG - Found Python file: ./code_base_small\base_multi_modal_retriever.py
2024-11-17 09:20:44,802 - INFO - Parsing Python file: ./code_base_small\base_multi_modal_retriever.py
2024-11-17 09:20:44,802 - INFO - Parsing Python file: ./code_base_small\base_multi_modal_retriever.py
2024-11-17 09:20:44,802 - INFO - Parsing Python file: ./code_base_small\base_multi_modal_retriever.py
2024-11-17 09:20:44,802 - INFO - Parsing Python file: ./code_base_small\base_multi_modal_retriever.py
2024-11-17 09:20:44,803 - DEBUG - AST Tree for ./code_base_small\base_multi_modal_retriever.py: Module(body=[Expr(value=Constant(value='base multi modal retriever.')), ImportFrom(module='abc', names=[alias(name='abstractmethod')], level=0), ImportFrom(module='typing', names=[alias(name='List')], level=0), ImportFrom(module='llama_index.core.base.base_retriever', names=[alias(name='BaseRetriever')], level=0), ImportFrom(module='llama_index.core.image_retriever', names=[alias(name='BaseImageRetriever')], level=0), ImportFrom(module='llama_index.core.indices.query.schema', names=[alias(name='QueryType')], level=0), ImportFrom(module='llama_index.core.schema', names=[alias(name='NodeWithScore')], level=0), ClassDef(name='MultiModalRetriever', bases=[Name(id='BaseRetriever', ctx=Load()), Name(id='BaseImageRetriever', ctx=Load())], body=[Expr(value=Constant(value='Multi Modal base retriever.')), FunctionDef(name='text_retrieve', args=arguments(args=[arg(arg='self'), arg(arg='str_or_query_bundle', annotation=Name(id='QueryType', ctx=Load()))]), body=[Expr(value=Constant(value='Retrieve text nodes given text query.\n\n        Implemented by the user.\n\n        '))], decorator_list=[Name(id='abstractmethod', ctx=Load())], returns=Subscript(value=Name(id='List', ctx=Load()), slice=Name(id='NodeWithScore', ctx=Load()), ctx=Load())), FunctionDef(name='text_to_image_retrieve', args=arguments(args=[arg(arg='self'), arg(arg='str_or_query_bundle', annotation=Name(id='QueryType', ctx=Load()))]), body=[Expr(value=Constant(value='Retrieve image nodes given text query.\n\n        Implemented by the user.\n\n        '))], decorator_list=[Name(id='abstractmethod', ctx=Load())], returns=Subscript(value=Name(id='List', ctx=Load()), slice=Name(id='NodeWithScore', ctx=Load()), ctx=Load())), FunctionDef(name='image_to_image_retrieve', args=arguments(args=[arg(arg='self'), arg(arg='str_or_query_bundle', annotation=Name(id='QueryType', ctx=Load()))]), body=[Expr(value=Constant(value='Retrieve image nodes given image query.\n\n        Implemented by the user.\n\n        '))], decorator_list=[Name(id='abstractmethod', ctx=Load())], returns=Subscript(value=Name(id='List', ctx=Load()), slice=Name(id='NodeWithScore', ctx=Load()), ctx=Load())), AsyncFunctionDef(name='atext_retrieve', args=arguments(args=[arg(arg='self'), arg(arg='str_or_query_bundle', annotation=Name(id='QueryType', ctx=Load()))]), body=[Expr(value=Constant(value='Async Retrieve text nodes given text query.\n\n        Implemented by the user.\n\n        '))], decorator_list=[Name(id='abstractmethod', ctx=Load())], returns=Subscript(value=Name(id='List', ctx=Load()), slice=Name(id='NodeWithScore', ctx=Load()), ctx=Load())), AsyncFunctionDef(name='atext_to_image_retrieve', args=arguments(args=[arg(arg='self'), arg(arg='str_or_query_bundle', annotation=Name(id='QueryType', ctx=Load()))]), body=[Expr(value=Constant(value='Async Retrieve image nodes given text query.\n\n        Implemented by the user.\n\n        '))], decorator_list=[Name(id='abstractmethod', ctx=Load())], returns=Subscript(value=Name(id='List', ctx=Load()), slice=Name(id='NodeWithScore', ctx=Load()), ctx=Load())), AsyncFunctionDef(name='aimage_to_image_retrieve', args=arguments(args=[arg(arg='self'), arg(arg='str_or_query_bundle', annotation=Name(id='QueryType', ctx=Load()))]), body=[Expr(value=Constant(value='Async Retrieve image nodes given image query.\n\n        Implemented by the user.\n\n        '))], decorator_list=[Name(id='abstractmethod', ctx=Load())], returns=Subscript(value=Name(id='List', ctx=Load()), slice=Name(id='NodeWithScore', ctx=Load()), ctx=Load()))])])
2024-11-17 09:20:44,803 - DEBUG - AST Tree for ./code_base_small\base_multi_modal_retriever.py: Module(body=[Expr(value=Constant(value='base multi modal retriever.')), ImportFrom(module='abc', names=[alias(name='abstractmethod')], level=0), ImportFrom(module='typing', names=[alias(name='List')], level=0), ImportFrom(module='llama_index.core.base.base_retriever', names=[alias(name='BaseRetriever')], level=0), ImportFrom(module='llama_index.core.image_retriever', names=[alias(name='BaseImageRetriever')], level=0), ImportFrom(module='llama_index.core.indices.query.schema', names=[alias(name='QueryType')], level=0), ImportFrom(module='llama_index.core.schema', names=[alias(name='NodeWithScore')], level=0), ClassDef(name='MultiModalRetriever', bases=[Name(id='BaseRetriever', ctx=Load()), Name(id='BaseImageRetriever', ctx=Load())], body=[Expr(value=Constant(value='Multi Modal base retriever.')), FunctionDef(name='text_retrieve', args=arguments(args=[arg(arg='self'), arg(arg='str_or_query_bundle', annotation=Name(id='QueryType', ctx=Load()))]), body=[Expr(value=Constant(value='Retrieve text nodes given text query.\n\n        Implemented by the user.\n\n        '))], decorator_list=[Name(id='abstractmethod', ctx=Load())], returns=Subscript(value=Name(id='List', ctx=Load()), slice=Name(id='NodeWithScore', ctx=Load()), ctx=Load())), FunctionDef(name='text_to_image_retrieve', args=arguments(args=[arg(arg='self'), arg(arg='str_or_query_bundle', annotation=Name(id='QueryType', ctx=Load()))]), body=[Expr(value=Constant(value='Retrieve image nodes given text query.\n\n        Implemented by the user.\n\n        '))], decorator_list=[Name(id='abstractmethod', ctx=Load())], returns=Subscript(value=Name(id='List', ctx=Load()), slice=Name(id='NodeWithScore', ctx=Load()), ctx=Load())), FunctionDef(name='image_to_image_retrieve', args=arguments(args=[arg(arg='self'), arg(arg='str_or_query_bundle', annotation=Name(id='QueryType', ctx=Load()))]), body=[Expr(value=Constant(value='Retrieve image nodes given image query.\n\n        Implemented by the user.\n\n        '))], decorator_list=[Name(id='abstractmethod', ctx=Load())], returns=Subscript(value=Name(id='List', ctx=Load()), slice=Name(id='NodeWithScore', ctx=Load()), ctx=Load())), AsyncFunctionDef(name='atext_retrieve', args=arguments(args=[arg(arg='self'), arg(arg='str_or_query_bundle', annotation=Name(id='QueryType', ctx=Load()))]), body=[Expr(value=Constant(value='Async Retrieve text nodes given text query.\n\n        Implemented by the user.\n\n        '))], decorator_list=[Name(id='abstractmethod', ctx=Load())], returns=Subscript(value=Name(id='List', ctx=Load()), slice=Name(id='NodeWithScore', ctx=Load()), ctx=Load())), AsyncFunctionDef(name='atext_to_image_retrieve', args=arguments(args=[arg(arg='self'), arg(arg='str_or_query_bundle', annotation=Name(id='QueryType', ctx=Load()))]), body=[Expr(value=Constant(value='Async Retrieve image nodes given text query.\n\n        Implemented by the user.\n\n        '))], decorator_list=[Name(id='abstractmethod', ctx=Load())], returns=Subscript(value=Name(id='List', ctx=Load()), slice=Name(id='NodeWithScore', ctx=Load()), ctx=Load())), AsyncFunctionDef(name='aimage_to_image_retrieve', args=arguments(args=[arg(arg='self'), arg(arg='str_or_query_bundle', annotation=Name(id='QueryType', ctx=Load()))]), body=[Expr(value=Constant(value='Async Retrieve image nodes given image query.\n\n        Implemented by the user.\n\n        '))], decorator_list=[Name(id='abstractmethod', ctx=Load())], returns=Subscript(value=Name(id='List', ctx=Load()), slice=Name(id='NodeWithScore', ctx=Load()), ctx=Load()))])])
2024-11-17 09:20:44,803 - DEBUG - AST Tree for ./code_base_small\base_multi_modal_retriever.py: Module(body=[Expr(value=Constant(value='base multi modal retriever.')), ImportFrom(module='abc', names=[alias(name='abstractmethod')], level=0), ImportFrom(module='typing', names=[alias(name='List')], level=0), ImportFrom(module='llama_index.core.base.base_retriever', names=[alias(name='BaseRetriever')], level=0), ImportFrom(module='llama_index.core.image_retriever', names=[alias(name='BaseImageRetriever')], level=0), ImportFrom(module='llama_index.core.indices.query.schema', names=[alias(name='QueryType')], level=0), ImportFrom(module='llama_index.core.schema', names=[alias(name='NodeWithScore')], level=0), ClassDef(name='MultiModalRetriever', bases=[Name(id='BaseRetriever', ctx=Load()), Name(id='BaseImageRetriever', ctx=Load())], body=[Expr(value=Constant(value='Multi Modal base retriever.')), FunctionDef(name='text_retrieve', args=arguments(args=[arg(arg='self'), arg(arg='str_or_query_bundle', annotation=Name(id='QueryType', ctx=Load()))]), body=[Expr(value=Constant(value='Retrieve text nodes given text query.\n\n        Implemented by the user.\n\n        '))], decorator_list=[Name(id='abstractmethod', ctx=Load())], returns=Subscript(value=Name(id='List', ctx=Load()), slice=Name(id='NodeWithScore', ctx=Load()), ctx=Load())), FunctionDef(name='text_to_image_retrieve', args=arguments(args=[arg(arg='self'), arg(arg='str_or_query_bundle', annotation=Name(id='QueryType', ctx=Load()))]), body=[Expr(value=Constant(value='Retrieve image nodes given text query.\n\n        Implemented by the user.\n\n        '))], decorator_list=[Name(id='abstractmethod', ctx=Load())], returns=Subscript(value=Name(id='List', ctx=Load()), slice=Name(id='NodeWithScore', ctx=Load()), ctx=Load())), FunctionDef(name='image_to_image_retrieve', args=arguments(args=[arg(arg='self'), arg(arg='str_or_query_bundle', annotation=Name(id='QueryType', ctx=Load()))]), body=[Expr(value=Constant(value='Retrieve image nodes given image query.\n\n        Implemented by the user.\n\n        '))], decorator_list=[Name(id='abstractmethod', ctx=Load())], returns=Subscript(value=Name(id='List', ctx=Load()), slice=Name(id='NodeWithScore', ctx=Load()), ctx=Load())), AsyncFunctionDef(name='atext_retrieve', args=arguments(args=[arg(arg='self'), arg(arg='str_or_query_bundle', annotation=Name(id='QueryType', ctx=Load()))]), body=[Expr(value=Constant(value='Async Retrieve text nodes given text query.\n\n        Implemented by the user.\n\n        '))], decorator_list=[Name(id='abstractmethod', ctx=Load())], returns=Subscript(value=Name(id='List', ctx=Load()), slice=Name(id='NodeWithScore', ctx=Load()), ctx=Load())), AsyncFunctionDef(name='atext_to_image_retrieve', args=arguments(args=[arg(arg='self'), arg(arg='str_or_query_bundle', annotation=Name(id='QueryType', ctx=Load()))]), body=[Expr(value=Constant(value='Async Retrieve image nodes given text query.\n\n        Implemented by the user.\n\n        '))], decorator_list=[Name(id='abstractmethod', ctx=Load())], returns=Subscript(value=Name(id='List', ctx=Load()), slice=Name(id='NodeWithScore', ctx=Load()), ctx=Load())), AsyncFunctionDef(name='aimage_to_image_retrieve', args=arguments(args=[arg(arg='self'), arg(arg='str_or_query_bundle', annotation=Name(id='QueryType', ctx=Load()))]), body=[Expr(value=Constant(value='Async Retrieve image nodes given image query.\n\n        Implemented by the user.\n\n        '))], decorator_list=[Name(id='abstractmethod', ctx=Load())], returns=Subscript(value=Name(id='List', ctx=Load()), slice=Name(id='NodeWithScore', ctx=Load()), ctx=Load()))])])
2024-11-17 09:20:44,803 - DEBUG - AST Tree for ./code_base_small\base_multi_modal_retriever.py: Module(body=[Expr(value=Constant(value='base multi modal retriever.')), ImportFrom(module='abc', names=[alias(name='abstractmethod')], level=0), ImportFrom(module='typing', names=[alias(name='List')], level=0), ImportFrom(module='llama_index.core.base.base_retriever', names=[alias(name='BaseRetriever')], level=0), ImportFrom(module='llama_index.core.image_retriever', names=[alias(name='BaseImageRetriever')], level=0), ImportFrom(module='llama_index.core.indices.query.schema', names=[alias(name='QueryType')], level=0), ImportFrom(module='llama_index.core.schema', names=[alias(name='NodeWithScore')], level=0), ClassDef(name='MultiModalRetriever', bases=[Name(id='BaseRetriever', ctx=Load()), Name(id='BaseImageRetriever', ctx=Load())], body=[Expr(value=Constant(value='Multi Modal base retriever.')), FunctionDef(name='text_retrieve', args=arguments(args=[arg(arg='self'), arg(arg='str_or_query_bundle', annotation=Name(id='QueryType', ctx=Load()))]), body=[Expr(value=Constant(value='Retrieve text nodes given text query.\n\n        Implemented by the user.\n\n        '))], decorator_list=[Name(id='abstractmethod', ctx=Load())], returns=Subscript(value=Name(id='List', ctx=Load()), slice=Name(id='NodeWithScore', ctx=Load()), ctx=Load())), FunctionDef(name='text_to_image_retrieve', args=arguments(args=[arg(arg='self'), arg(arg='str_or_query_bundle', annotation=Name(id='QueryType', ctx=Load()))]), body=[Expr(value=Constant(value='Retrieve image nodes given text query.\n\n        Implemented by the user.\n\n        '))], decorator_list=[Name(id='abstractmethod', ctx=Load())], returns=Subscript(value=Name(id='List', ctx=Load()), slice=Name(id='NodeWithScore', ctx=Load()), ctx=Load())), FunctionDef(name='image_to_image_retrieve', args=arguments(args=[arg(arg='self'), arg(arg='str_or_query_bundle', annotation=Name(id='QueryType', ctx=Load()))]), body=[Expr(value=Constant(value='Retrieve image nodes given image query.\n\n        Implemented by the user.\n\n        '))], decorator_list=[Name(id='abstractmethod', ctx=Load())], returns=Subscript(value=Name(id='List', ctx=Load()), slice=Name(id='NodeWithScore', ctx=Load()), ctx=Load())), AsyncFunctionDef(name='atext_retrieve', args=arguments(args=[arg(arg='self'), arg(arg='str_or_query_bundle', annotation=Name(id='QueryType', ctx=Load()))]), body=[Expr(value=Constant(value='Async Retrieve text nodes given text query.\n\n        Implemented by the user.\n\n        '))], decorator_list=[Name(id='abstractmethod', ctx=Load())], returns=Subscript(value=Name(id='List', ctx=Load()), slice=Name(id='NodeWithScore', ctx=Load()), ctx=Load())), AsyncFunctionDef(name='atext_to_image_retrieve', args=arguments(args=[arg(arg='self'), arg(arg='str_or_query_bundle', annotation=Name(id='QueryType', ctx=Load()))]), body=[Expr(value=Constant(value='Async Retrieve image nodes given text query.\n\n        Implemented by the user.\n\n        '))], decorator_list=[Name(id='abstractmethod', ctx=Load())], returns=Subscript(value=Name(id='List', ctx=Load()), slice=Name(id='NodeWithScore', ctx=Load()), ctx=Load())), AsyncFunctionDef(name='aimage_to_image_retrieve', args=arguments(args=[arg(arg='self'), arg(arg='str_or_query_bundle', annotation=Name(id='QueryType', ctx=Load()))]), body=[Expr(value=Constant(value='Async Retrieve image nodes given image query.\n\n        Implemented by the user.\n\n        '))], decorator_list=[Name(id='abstractmethod', ctx=Load())], returns=Subscript(value=Name(id='List', ctx=Load()), slice=Name(id='NodeWithScore', ctx=Load()), ctx=Load()))])])
2024-11-17 09:20:44,804 - DEBUG - Found function definition: text_retrieve
2024-11-17 09:20:44,804 - DEBUG - Found function definition: text_retrieve
2024-11-17 09:20:44,804 - DEBUG - Found function definition: text_retrieve
2024-11-17 09:20:44,804 - DEBUG - Found function definition: text_retrieve
2024-11-17 09:20:44,804 - DEBUG - Extracting function calls from: text_retrieve
2024-11-17 09:20:44,804 - DEBUG - Extracting function calls from: text_retrieve
2024-11-17 09:20:44,804 - DEBUG - Extracting function calls from: text_retrieve
2024-11-17 09:20:44,804 - DEBUG - Extracting function calls from: text_retrieve
2024-11-17 09:20:44,804 - DEBUG - Function calls: []
2024-11-17 09:20:44,804 - DEBUG - Function calls: []
2024-11-17 09:20:44,804 - DEBUG - Function calls: []
2024-11-17 09:20:44,804 - DEBUG - Function calls: []
2024-11-17 09:20:44,804 - DEBUG - Function info: {'name': 'text_retrieve', 'args': ['self', 'str_or_query_bundle'], 'returns': "Subscript(value=Name(id='List', ctx=Load()), slice=Name(id='NodeWithScore', ctx=Load()), ctx=Load())", 'docstring': 'Retrieve text nodes given text query.\n\nImplemented by the user.', 'decorators': ['abstractmethod'], 'calls': []}
2024-11-17 09:20:44,804 - DEBUG - Function info: {'name': 'text_retrieve', 'args': ['self', 'str_or_query_bundle'], 'returns': "Subscript(value=Name(id='List', ctx=Load()), slice=Name(id='NodeWithScore', ctx=Load()), ctx=Load())", 'docstring': 'Retrieve text nodes given text query.\n\nImplemented by the user.', 'decorators': ['abstractmethod'], 'calls': []}
2024-11-17 09:20:44,804 - DEBUG - Function info: {'name': 'text_retrieve', 'args': ['self', 'str_or_query_bundle'], 'returns': "Subscript(value=Name(id='List', ctx=Load()), slice=Name(id='NodeWithScore', ctx=Load()), ctx=Load())", 'docstring': 'Retrieve text nodes given text query.\n\nImplemented by the user.', 'decorators': ['abstractmethod'], 'calls': []}
2024-11-17 09:20:44,804 - DEBUG - Function info: {'name': 'text_retrieve', 'args': ['self', 'str_or_query_bundle'], 'returns': "Subscript(value=Name(id='List', ctx=Load()), slice=Name(id='NodeWithScore', ctx=Load()), ctx=Load())", 'docstring': 'Retrieve text nodes given text query.\n\nImplemented by the user.', 'decorators': ['abstractmethod'], 'calls': []}
2024-11-17 09:20:44,805 - DEBUG - Found function definition: text_to_image_retrieve
2024-11-17 09:20:44,805 - DEBUG - Found function definition: text_to_image_retrieve
2024-11-17 09:20:44,805 - DEBUG - Found function definition: text_to_image_retrieve
2024-11-17 09:20:44,805 - DEBUG - Found function definition: text_to_image_retrieve
2024-11-17 09:20:44,805 - DEBUG - Extracting function calls from: text_to_image_retrieve
2024-11-17 09:20:44,805 - DEBUG - Extracting function calls from: text_to_image_retrieve
2024-11-17 09:20:44,805 - DEBUG - Extracting function calls from: text_to_image_retrieve
2024-11-17 09:20:44,805 - DEBUG - Extracting function calls from: text_to_image_retrieve
2024-11-17 09:20:44,805 - DEBUG - Function calls: []
2024-11-17 09:20:44,805 - DEBUG - Function calls: []
2024-11-17 09:20:44,805 - DEBUG - Function calls: []
2024-11-17 09:20:44,805 - DEBUG - Function calls: []
2024-11-17 09:20:44,805 - DEBUG - Function info: {'name': 'text_to_image_retrieve', 'args': ['self', 'str_or_query_bundle'], 'returns': "Subscript(value=Name(id='List', ctx=Load()), slice=Name(id='NodeWithScore', ctx=Load()), ctx=Load())", 'docstring': 'Retrieve image nodes given text query.\n\nImplemented by the user.', 'decorators': ['abstractmethod'], 'calls': []}
2024-11-17 09:20:44,805 - DEBUG - Function info: {'name': 'text_to_image_retrieve', 'args': ['self', 'str_or_query_bundle'], 'returns': "Subscript(value=Name(id='List', ctx=Load()), slice=Name(id='NodeWithScore', ctx=Load()), ctx=Load())", 'docstring': 'Retrieve image nodes given text query.\n\nImplemented by the user.', 'decorators': ['abstractmethod'], 'calls': []}
2024-11-17 09:20:44,805 - DEBUG - Function info: {'name': 'text_to_image_retrieve', 'args': ['self', 'str_or_query_bundle'], 'returns': "Subscript(value=Name(id='List', ctx=Load()), slice=Name(id='NodeWithScore', ctx=Load()), ctx=Load())", 'docstring': 'Retrieve image nodes given text query.\n\nImplemented by the user.', 'decorators': ['abstractmethod'], 'calls': []}
2024-11-17 09:20:44,805 - DEBUG - Function info: {'name': 'text_to_image_retrieve', 'args': ['self', 'str_or_query_bundle'], 'returns': "Subscript(value=Name(id='List', ctx=Load()), slice=Name(id='NodeWithScore', ctx=Load()), ctx=Load())", 'docstring': 'Retrieve image nodes given text query.\n\nImplemented by the user.', 'decorators': ['abstractmethod'], 'calls': []}
2024-11-17 09:20:44,806 - DEBUG - Found function definition: image_to_image_retrieve
2024-11-17 09:20:44,806 - DEBUG - Found function definition: image_to_image_retrieve
2024-11-17 09:20:44,806 - DEBUG - Found function definition: image_to_image_retrieve
2024-11-17 09:20:44,806 - DEBUG - Found function definition: image_to_image_retrieve
2024-11-17 09:20:44,806 - DEBUG - Extracting function calls from: image_to_image_retrieve
2024-11-17 09:20:44,806 - DEBUG - Extracting function calls from: image_to_image_retrieve
2024-11-17 09:20:44,806 - DEBUG - Extracting function calls from: image_to_image_retrieve
2024-11-17 09:20:44,806 - DEBUG - Extracting function calls from: image_to_image_retrieve
2024-11-17 09:20:44,806 - DEBUG - Function calls: []
2024-11-17 09:20:44,806 - DEBUG - Function calls: []
2024-11-17 09:20:44,806 - DEBUG - Function calls: []
2024-11-17 09:20:44,806 - DEBUG - Function calls: []
2024-11-17 09:20:44,806 - DEBUG - Function info: {'name': 'image_to_image_retrieve', 'args': ['self', 'str_or_query_bundle'], 'returns': "Subscript(value=Name(id='List', ctx=Load()), slice=Name(id='NodeWithScore', ctx=Load()), ctx=Load())", 'docstring': 'Retrieve image nodes given image query.\n\nImplemented by the user.', 'decorators': ['abstractmethod'], 'calls': []}
2024-11-17 09:20:44,806 - DEBUG - Function info: {'name': 'image_to_image_retrieve', 'args': ['self', 'str_or_query_bundle'], 'returns': "Subscript(value=Name(id='List', ctx=Load()), slice=Name(id='NodeWithScore', ctx=Load()), ctx=Load())", 'docstring': 'Retrieve image nodes given image query.\n\nImplemented by the user.', 'decorators': ['abstractmethod'], 'calls': []}
2024-11-17 09:20:44,806 - DEBUG - Function info: {'name': 'image_to_image_retrieve', 'args': ['self', 'str_or_query_bundle'], 'returns': "Subscript(value=Name(id='List', ctx=Load()), slice=Name(id='NodeWithScore', ctx=Load()), ctx=Load())", 'docstring': 'Retrieve image nodes given image query.\n\nImplemented by the user.', 'decorators': ['abstractmethod'], 'calls': []}
2024-11-17 09:20:44,806 - DEBUG - Function info: {'name': 'image_to_image_retrieve', 'args': ['self', 'str_or_query_bundle'], 'returns': "Subscript(value=Name(id='List', ctx=Load()), slice=Name(id='NodeWithScore', ctx=Load()), ctx=Load())", 'docstring': 'Retrieve image nodes given image query.\n\nImplemented by the user.', 'decorators': ['abstractmethod'], 'calls': []}
2024-11-17 09:20:44,807 - DEBUG - Found class definition: MultiModalRetriever
2024-11-17 09:20:44,807 - DEBUG - Found class definition: MultiModalRetriever
2024-11-17 09:20:44,807 - DEBUG - Found class definition: MultiModalRetriever
2024-11-17 09:20:44,807 - DEBUG - Found class definition: MultiModalRetriever
2024-11-17 09:20:44,807 - DEBUG - Class info: {'name': 'MultiModalRetriever', 'methods': ['text_retrieve', 'text_to_image_retrieve', 'image_to_image_retrieve'], 'docstring': 'Multi Modal base retriever.'}
2024-11-17 09:20:44,807 - DEBUG - Class info: {'name': 'MultiModalRetriever', 'methods': ['text_retrieve', 'text_to_image_retrieve', 'image_to_image_retrieve'], 'docstring': 'Multi Modal base retriever.'}
2024-11-17 09:20:44,807 - DEBUG - Class info: {'name': 'MultiModalRetriever', 'methods': ['text_retrieve', 'text_to_image_retrieve', 'image_to_image_retrieve'], 'docstring': 'Multi Modal base retriever.'}
2024-11-17 09:20:44,807 - DEBUG - Class info: {'name': 'MultiModalRetriever', 'methods': ['text_retrieve', 'text_to_image_retrieve', 'image_to_image_retrieve'], 'docstring': 'Multi Modal base retriever.'}
2024-11-17 09:20:44,807 - DEBUG - Found import from: abc
2024-11-17 09:20:44,807 - DEBUG - Found import from: abc
2024-11-17 09:20:44,807 - DEBUG - Found import from: abc
2024-11-17 09:20:44,807 - DEBUG - Found import from: abc
2024-11-17 09:20:44,807 - DEBUG - Found import from: typing
2024-11-17 09:20:44,807 - DEBUG - Found import from: typing
2024-11-17 09:20:44,807 - DEBUG - Found import from: typing
2024-11-17 09:20:44,807 - DEBUG - Found import from: typing
2024-11-17 09:20:44,808 - DEBUG - Found import from: llama_index.core.base.base_retriever
2024-11-17 09:20:44,808 - DEBUG - Found import from: llama_index.core.base.base_retriever
2024-11-17 09:20:44,808 - DEBUG - Found import from: llama_index.core.base.base_retriever
2024-11-17 09:20:44,808 - DEBUG - Found import from: llama_index.core.base.base_retriever
2024-11-17 09:20:44,808 - DEBUG - Found import from: llama_index.core.image_retriever
2024-11-17 09:20:44,808 - DEBUG - Found import from: llama_index.core.image_retriever
2024-11-17 09:20:44,808 - DEBUG - Found import from: llama_index.core.image_retriever
2024-11-17 09:20:44,808 - DEBUG - Found import from: llama_index.core.image_retriever
2024-11-17 09:20:44,808 - DEBUG - Found import from: llama_index.core.indices.query.schema
2024-11-17 09:20:44,808 - DEBUG - Found import from: llama_index.core.indices.query.schema
2024-11-17 09:20:44,808 - DEBUG - Found import from: llama_index.core.indices.query.schema
2024-11-17 09:20:44,808 - DEBUG - Found import from: llama_index.core.indices.query.schema
2024-11-17 09:20:44,808 - DEBUG - Found import from: llama_index.core.schema
2024-11-17 09:20:44,808 - DEBUG - Found import from: llama_index.core.schema
2024-11-17 09:20:44,808 - DEBUG - Found import from: llama_index.core.schema
2024-11-17 09:20:44,808 - DEBUG - Found import from: llama_index.core.schema
2024-11-17 09:20:44,809 - INFO - Parsed file: ./code_base_small\base_multi_modal_retriever.py
2024-11-17 09:20:44,809 - INFO - Parsed file: ./code_base_small\base_multi_modal_retriever.py
2024-11-17 09:20:44,809 - INFO - Parsed file: ./code_base_small\base_multi_modal_retriever.py
2024-11-17 09:20:44,809 - INFO - Parsed file: ./code_base_small\base_multi_modal_retriever.py
2024-11-17 09:20:44,809 - DEBUG - Functions in ./code_base_small\base_multi_modal_retriever.py: [{'name': 'text_retrieve', 'args': ['self', 'str_or_query_bundle'], 'returns': "Subscript(value=Name(id='List', ctx=Load()), slice=Name(id='NodeWithScore', ctx=Load()), ctx=Load())", 'docstring': 'Retrieve text nodes given text query.\n\nImplemented by the user.', 'decorators': ['abstractmethod'], 'calls': []}, {'name': 'text_to_image_retrieve', 'args': ['self', 'str_or_query_bundle'], 'returns': "Subscript(value=Name(id='List', ctx=Load()), slice=Name(id='NodeWithScore', ctx=Load()), ctx=Load())", 'docstring': 'Retrieve image nodes given text query.\n\nImplemented by the user.', 'decorators': ['abstractmethod'], 'calls': []}, {'name': 'image_to_image_retrieve', 'args': ['self', 'str_or_query_bundle'], 'returns': "Subscript(value=Name(id='List', ctx=Load()), slice=Name(id='NodeWithScore', ctx=Load()), ctx=Load())", 'docstring': 'Retrieve image nodes given image query.\n\nImplemented by the user.', 'decorators': ['abstractmethod'], 'calls': []}]
2024-11-17 09:20:44,809 - DEBUG - Functions in ./code_base_small\base_multi_modal_retriever.py: [{'name': 'text_retrieve', 'args': ['self', 'str_or_query_bundle'], 'returns': "Subscript(value=Name(id='List', ctx=Load()), slice=Name(id='NodeWithScore', ctx=Load()), ctx=Load())", 'docstring': 'Retrieve text nodes given text query.\n\nImplemented by the user.', 'decorators': ['abstractmethod'], 'calls': []}, {'name': 'text_to_image_retrieve', 'args': ['self', 'str_or_query_bundle'], 'returns': "Subscript(value=Name(id='List', ctx=Load()), slice=Name(id='NodeWithScore', ctx=Load()), ctx=Load())", 'docstring': 'Retrieve image nodes given text query.\n\nImplemented by the user.', 'decorators': ['abstractmethod'], 'calls': []}, {'name': 'image_to_image_retrieve', 'args': ['self', 'str_or_query_bundle'], 'returns': "Subscript(value=Name(id='List', ctx=Load()), slice=Name(id='NodeWithScore', ctx=Load()), ctx=Load())", 'docstring': 'Retrieve image nodes given image query.\n\nImplemented by the user.', 'decorators': ['abstractmethod'], 'calls': []}]
2024-11-17 09:20:44,809 - DEBUG - Functions in ./code_base_small\base_multi_modal_retriever.py: [{'name': 'text_retrieve', 'args': ['self', 'str_or_query_bundle'], 'returns': "Subscript(value=Name(id='List', ctx=Load()), slice=Name(id='NodeWithScore', ctx=Load()), ctx=Load())", 'docstring': 'Retrieve text nodes given text query.\n\nImplemented by the user.', 'decorators': ['abstractmethod'], 'calls': []}, {'name': 'text_to_image_retrieve', 'args': ['self', 'str_or_query_bundle'], 'returns': "Subscript(value=Name(id='List', ctx=Load()), slice=Name(id='NodeWithScore', ctx=Load()), ctx=Load())", 'docstring': 'Retrieve image nodes given text query.\n\nImplemented by the user.', 'decorators': ['abstractmethod'], 'calls': []}, {'name': 'image_to_image_retrieve', 'args': ['self', 'str_or_query_bundle'], 'returns': "Subscript(value=Name(id='List', ctx=Load()), slice=Name(id='NodeWithScore', ctx=Load()), ctx=Load())", 'docstring': 'Retrieve image nodes given image query.\n\nImplemented by the user.', 'decorators': ['abstractmethod'], 'calls': []}]
2024-11-17 09:20:44,809 - DEBUG - Functions in ./code_base_small\base_multi_modal_retriever.py: [{'name': 'text_retrieve', 'args': ['self', 'str_or_query_bundle'], 'returns': "Subscript(value=Name(id='List', ctx=Load()), slice=Name(id='NodeWithScore', ctx=Load()), ctx=Load())", 'docstring': 'Retrieve text nodes given text query.\n\nImplemented by the user.', 'decorators': ['abstractmethod'], 'calls': []}, {'name': 'text_to_image_retrieve', 'args': ['self', 'str_or_query_bundle'], 'returns': "Subscript(value=Name(id='List', ctx=Load()), slice=Name(id='NodeWithScore', ctx=Load()), ctx=Load())", 'docstring': 'Retrieve image nodes given text query.\n\nImplemented by the user.', 'decorators': ['abstractmethod'], 'calls': []}, {'name': 'image_to_image_retrieve', 'args': ['self', 'str_or_query_bundle'], 'returns': "Subscript(value=Name(id='List', ctx=Load()), slice=Name(id='NodeWithScore', ctx=Load()), ctx=Load())", 'docstring': 'Retrieve image nodes given image query.\n\nImplemented by the user.', 'decorators': ['abstractmethod'], 'calls': []}]
2024-11-17 09:20:44,809 - DEBUG - Classes in ./code_base_small\base_multi_modal_retriever.py: [{'name': 'MultiModalRetriever', 'methods': ['text_retrieve', 'text_to_image_retrieve', 'image_to_image_retrieve'], 'docstring': 'Multi Modal base retriever.'}]
2024-11-17 09:20:44,809 - DEBUG - Classes in ./code_base_small\base_multi_modal_retriever.py: [{'name': 'MultiModalRetriever', 'methods': ['text_retrieve', 'text_to_image_retrieve', 'image_to_image_retrieve'], 'docstring': 'Multi Modal base retriever.'}]
2024-11-17 09:20:44,809 - DEBUG - Classes in ./code_base_small\base_multi_modal_retriever.py: [{'name': 'MultiModalRetriever', 'methods': ['text_retrieve', 'text_to_image_retrieve', 'image_to_image_retrieve'], 'docstring': 'Multi Modal base retriever.'}]
2024-11-17 09:20:44,809 - DEBUG - Classes in ./code_base_small\base_multi_modal_retriever.py: [{'name': 'MultiModalRetriever', 'methods': ['text_retrieve', 'text_to_image_retrieve', 'image_to_image_retrieve'], 'docstring': 'Multi Modal base retriever.'}]
2024-11-17 09:20:44,809 - DEBUG - Imports in ./code_base_small\base_multi_modal_retriever.py: ['abc.abstractmethod', 'typing.List', 'llama_index.core.base.base_retriever.BaseRetriever', 'llama_index.core.image_retriever.BaseImageRetriever', 'llama_index.core.indices.query.schema.QueryType', 'llama_index.core.schema.NodeWithScore']
2024-11-17 09:20:44,809 - DEBUG - Imports in ./code_base_small\base_multi_modal_retriever.py: ['abc.abstractmethod', 'typing.List', 'llama_index.core.base.base_retriever.BaseRetriever', 'llama_index.core.image_retriever.BaseImageRetriever', 'llama_index.core.indices.query.schema.QueryType', 'llama_index.core.schema.NodeWithScore']
2024-11-17 09:20:44,809 - DEBUG - Imports in ./code_base_small\base_multi_modal_retriever.py: ['abc.abstractmethod', 'typing.List', 'llama_index.core.base.base_retriever.BaseRetriever', 'llama_index.core.image_retriever.BaseImageRetriever', 'llama_index.core.indices.query.schema.QueryType', 'llama_index.core.schema.NodeWithScore']
2024-11-17 09:20:44,809 - DEBUG - Imports in ./code_base_small\base_multi_modal_retriever.py: ['abc.abstractmethod', 'typing.List', 'llama_index.core.base.base_retriever.BaseRetriever', 'llama_index.core.image_retriever.BaseImageRetriever', 'llama_index.core.indices.query.schema.QueryType', 'llama_index.core.schema.NodeWithScore']
2024-11-17 09:20:44,810 - DEBUG - No variables found in ./code_base_small\base_multi_modal_retriever.py
2024-11-17 09:20:44,810 - DEBUG - No variables found in ./code_base_small\base_multi_modal_retriever.py
2024-11-17 09:20:44,810 - DEBUG - No variables found in ./code_base_small\base_multi_modal_retriever.py
2024-11-17 09:20:44,810 - DEBUG - No variables found in ./code_base_small\base_multi_modal_retriever.py
2024-11-17 09:20:44,810 - INFO - Writing functions data to logs\parsed_data\functions.jsonl...
2024-11-17 09:20:44,810 - INFO - Writing functions data to logs\parsed_data\functions.jsonl...
2024-11-17 09:20:44,810 - INFO - Writing functions data to logs\parsed_data\functions.jsonl...
2024-11-17 09:20:44,810 - INFO - Writing functions data to logs\parsed_data\functions.jsonl...
2024-11-17 09:20:44,811 - DEBUG - Functions data size: 3
2024-11-17 09:20:44,811 - DEBUG - Functions data size: 3
2024-11-17 09:20:44,811 - DEBUG - Functions data size: 3
2024-11-17 09:20:44,811 - DEBUG - Functions data size: 3
2024-11-17 09:20:44,811 - DEBUG - Wrote {"name": "text_retrieve", "args": ["self", "str_or_query_bundle"], "returns": "Subscript(value=Name(id='List', ctx=Load()), slice=Name(id='NodeWithScore', ctx=Load()), ctx=Load())", "docstring": "Retrieve text nodes given text query.\n\nImplemented by the user.", "decorators": ["abstractmethod"], "calls": []} to logs\parsed_data\functions.jsonl
2024-11-17 09:20:44,811 - DEBUG - Wrote {"name": "text_retrieve", "args": ["self", "str_or_query_bundle"], "returns": "Subscript(value=Name(id='List', ctx=Load()), slice=Name(id='NodeWithScore', ctx=Load()), ctx=Load())", "docstring": "Retrieve text nodes given text query.\n\nImplemented by the user.", "decorators": ["abstractmethod"], "calls": []} to logs\parsed_data\functions.jsonl
2024-11-17 09:20:44,811 - DEBUG - Wrote {"name": "text_retrieve", "args": ["self", "str_or_query_bundle"], "returns": "Subscript(value=Name(id='List', ctx=Load()), slice=Name(id='NodeWithScore', ctx=Load()), ctx=Load())", "docstring": "Retrieve text nodes given text query.\n\nImplemented by the user.", "decorators": ["abstractmethod"], "calls": []} to logs\parsed_data\functions.jsonl
2024-11-17 09:20:44,811 - DEBUG - Wrote {"name": "text_retrieve", "args": ["self", "str_or_query_bundle"], "returns": "Subscript(value=Name(id='List', ctx=Load()), slice=Name(id='NodeWithScore', ctx=Load()), ctx=Load())", "docstring": "Retrieve text nodes given text query.\n\nImplemented by the user.", "decorators": ["abstractmethod"], "calls": []} to logs\parsed_data\functions.jsonl
2024-11-17 09:20:44,811 - DEBUG - Wrote {"name": "text_to_image_retrieve", "args": ["self", "str_or_query_bundle"], "returns": "Subscript(value=Name(id='List', ctx=Load()), slice=Name(id='NodeWithScore', ctx=Load()), ctx=Load())", "docstring": "Retrieve image nodes given text query.\n\nImplemented by the user.", "decorators": ["abstractmethod"], "calls": []} to logs\parsed_data\functions.jsonl
2024-11-17 09:20:44,811 - DEBUG - Wrote {"name": "text_to_image_retrieve", "args": ["self", "str_or_query_bundle"], "returns": "Subscript(value=Name(id='List', ctx=Load()), slice=Name(id='NodeWithScore', ctx=Load()), ctx=Load())", "docstring": "Retrieve image nodes given text query.\n\nImplemented by the user.", "decorators": ["abstractmethod"], "calls": []} to logs\parsed_data\functions.jsonl
2024-11-17 09:20:44,811 - DEBUG - Wrote {"name": "text_to_image_retrieve", "args": ["self", "str_or_query_bundle"], "returns": "Subscript(value=Name(id='List', ctx=Load()), slice=Name(id='NodeWithScore', ctx=Load()), ctx=Load())", "docstring": "Retrieve image nodes given text query.\n\nImplemented by the user.", "decorators": ["abstractmethod"], "calls": []} to logs\parsed_data\functions.jsonl
2024-11-17 09:20:44,811 - DEBUG - Wrote {"name": "text_to_image_retrieve", "args": ["self", "str_or_query_bundle"], "returns": "Subscript(value=Name(id='List', ctx=Load()), slice=Name(id='NodeWithScore', ctx=Load()), ctx=Load())", "docstring": "Retrieve image nodes given text query.\n\nImplemented by the user.", "decorators": ["abstractmethod"], "calls": []} to logs\parsed_data\functions.jsonl
2024-11-17 09:20:44,812 - DEBUG - Wrote {"name": "image_to_image_retrieve", "args": ["self", "str_or_query_bundle"], "returns": "Subscript(value=Name(id='List', ctx=Load()), slice=Name(id='NodeWithScore', ctx=Load()), ctx=Load())", "docstring": "Retrieve image nodes given image query.\n\nImplemented by the user.", "decorators": ["abstractmethod"], "calls": []} to logs\parsed_data\functions.jsonl
2024-11-17 09:20:44,812 - DEBUG - Wrote {"name": "image_to_image_retrieve", "args": ["self", "str_or_query_bundle"], "returns": "Subscript(value=Name(id='List', ctx=Load()), slice=Name(id='NodeWithScore', ctx=Load()), ctx=Load())", "docstring": "Retrieve image nodes given image query.\n\nImplemented by the user.", "decorators": ["abstractmethod"], "calls": []} to logs\parsed_data\functions.jsonl
2024-11-17 09:20:44,812 - DEBUG - Wrote {"name": "image_to_image_retrieve", "args": ["self", "str_or_query_bundle"], "returns": "Subscript(value=Name(id='List', ctx=Load()), slice=Name(id='NodeWithScore', ctx=Load()), ctx=Load())", "docstring": "Retrieve image nodes given image query.\n\nImplemented by the user.", "decorators": ["abstractmethod"], "calls": []} to logs\parsed_data\functions.jsonl
2024-11-17 09:20:44,812 - DEBUG - Wrote {"name": "image_to_image_retrieve", "args": ["self", "str_or_query_bundle"], "returns": "Subscript(value=Name(id='List', ctx=Load()), slice=Name(id='NodeWithScore', ctx=Load()), ctx=Load())", "docstring": "Retrieve image nodes given image query.\n\nImplemented by the user.", "decorators": ["abstractmethod"], "calls": []} to logs\parsed_data\functions.jsonl
2024-11-17 09:20:44,812 - INFO - Saved functions data to logs\parsed_data\functions.jsonl
2024-11-17 09:20:44,812 - INFO - Saved functions data to logs\parsed_data\functions.jsonl
2024-11-17 09:20:44,812 - INFO - Saved functions data to logs\parsed_data\functions.jsonl
2024-11-17 09:20:44,812 - INFO - Saved functions data to logs\parsed_data\functions.jsonl
2024-11-17 09:20:44,812 - INFO - Writing classes data to logs\parsed_data\classes.jsonl...
2024-11-17 09:20:44,812 - INFO - Writing classes data to logs\parsed_data\classes.jsonl...
2024-11-17 09:20:44,812 - INFO - Writing classes data to logs\parsed_data\classes.jsonl...
2024-11-17 09:20:44,812 - INFO - Writing classes data to logs\parsed_data\classes.jsonl...
2024-11-17 09:20:44,812 - DEBUG - Classes data size: 1
2024-11-17 09:20:44,812 - DEBUG - Classes data size: 1
2024-11-17 09:20:44,812 - DEBUG - Classes data size: 1
2024-11-17 09:20:44,812 - DEBUG - Classes data size: 1
2024-11-17 09:20:44,813 - DEBUG - Wrote {"name": "MultiModalRetriever", "methods": ["text_retrieve", "text_to_image_retrieve", "image_to_image_retrieve"], "docstring": "Multi Modal base retriever."} to logs\parsed_data\classes.jsonl
2024-11-17 09:20:44,813 - DEBUG - Wrote {"name": "MultiModalRetriever", "methods": ["text_retrieve", "text_to_image_retrieve", "image_to_image_retrieve"], "docstring": "Multi Modal base retriever."} to logs\parsed_data\classes.jsonl
2024-11-17 09:20:44,813 - DEBUG - Wrote {"name": "MultiModalRetriever", "methods": ["text_retrieve", "text_to_image_retrieve", "image_to_image_retrieve"], "docstring": "Multi Modal base retriever."} to logs\parsed_data\classes.jsonl
2024-11-17 09:20:44,813 - DEBUG - Wrote {"name": "MultiModalRetriever", "methods": ["text_retrieve", "text_to_image_retrieve", "image_to_image_retrieve"], "docstring": "Multi Modal base retriever."} to logs\parsed_data\classes.jsonl
2024-11-17 09:20:44,813 - INFO - Saved classes data to logs\parsed_data\classes.jsonl
2024-11-17 09:20:44,813 - INFO - Saved classes data to logs\parsed_data\classes.jsonl
2024-11-17 09:20:44,813 - INFO - Saved classes data to logs\parsed_data\classes.jsonl
2024-11-17 09:20:44,813 - INFO - Saved classes data to logs\parsed_data\classes.jsonl
2024-11-17 09:20:44,813 - INFO - Writing imports data to logs\parsed_data\imports.jsonl...
2024-11-17 09:20:44,813 - INFO - Writing imports data to logs\parsed_data\imports.jsonl...
2024-11-17 09:20:44,813 - INFO - Writing imports data to logs\parsed_data\imports.jsonl...
2024-11-17 09:20:44,813 - INFO - Writing imports data to logs\parsed_data\imports.jsonl...
2024-11-17 09:20:44,814 - DEBUG - Imports data size: 6
2024-11-17 09:20:44,814 - DEBUG - Imports data size: 6
2024-11-17 09:20:44,814 - DEBUG - Imports data size: 6
2024-11-17 09:20:44,814 - DEBUG - Imports data size: 6
2024-11-17 09:20:44,814 - DEBUG - Wrote "abc.abstractmethod" to logs\parsed_data\imports.jsonl
2024-11-17 09:20:44,814 - DEBUG - Wrote "abc.abstractmethod" to logs\parsed_data\imports.jsonl
2024-11-17 09:20:44,814 - DEBUG - Wrote "abc.abstractmethod" to logs\parsed_data\imports.jsonl
2024-11-17 09:20:44,814 - DEBUG - Wrote "abc.abstractmethod" to logs\parsed_data\imports.jsonl
2024-11-17 09:20:44,814 - DEBUG - Wrote "typing.List" to logs\parsed_data\imports.jsonl
2024-11-17 09:20:44,814 - DEBUG - Wrote "typing.List" to logs\parsed_data\imports.jsonl
2024-11-17 09:20:44,814 - DEBUG - Wrote "typing.List" to logs\parsed_data\imports.jsonl
2024-11-17 09:20:44,814 - DEBUG - Wrote "typing.List" to logs\parsed_data\imports.jsonl
2024-11-17 09:20:44,814 - DEBUG - Wrote "llama_index.core.base.base_retriever.BaseRetriever" to logs\parsed_data\imports.jsonl
2024-11-17 09:20:44,814 - DEBUG - Wrote "llama_index.core.base.base_retriever.BaseRetriever" to logs\parsed_data\imports.jsonl
2024-11-17 09:20:44,814 - DEBUG - Wrote "llama_index.core.base.base_retriever.BaseRetriever" to logs\parsed_data\imports.jsonl
2024-11-17 09:20:44,814 - DEBUG - Wrote "llama_index.core.base.base_retriever.BaseRetriever" to logs\parsed_data\imports.jsonl
2024-11-17 09:20:44,815 - DEBUG - Wrote "llama_index.core.image_retriever.BaseImageRetriever" to logs\parsed_data\imports.jsonl
2024-11-17 09:20:44,815 - DEBUG - Wrote "llama_index.core.image_retriever.BaseImageRetriever" to logs\parsed_data\imports.jsonl
2024-11-17 09:20:44,815 - DEBUG - Wrote "llama_index.core.image_retriever.BaseImageRetriever" to logs\parsed_data\imports.jsonl
2024-11-17 09:20:44,815 - DEBUG - Wrote "llama_index.core.image_retriever.BaseImageRetriever" to logs\parsed_data\imports.jsonl
2024-11-17 09:20:44,815 - DEBUG - Wrote "llama_index.core.indices.query.schema.QueryType" to logs\parsed_data\imports.jsonl
2024-11-17 09:20:44,815 - DEBUG - Wrote "llama_index.core.indices.query.schema.QueryType" to logs\parsed_data\imports.jsonl
2024-11-17 09:20:44,815 - DEBUG - Wrote "llama_index.core.indices.query.schema.QueryType" to logs\parsed_data\imports.jsonl
2024-11-17 09:20:44,815 - DEBUG - Wrote "llama_index.core.indices.query.schema.QueryType" to logs\parsed_data\imports.jsonl
2024-11-17 09:20:44,815 - DEBUG - Wrote "llama_index.core.schema.NodeWithScore" to logs\parsed_data\imports.jsonl
2024-11-17 09:20:44,815 - DEBUG - Wrote "llama_index.core.schema.NodeWithScore" to logs\parsed_data\imports.jsonl
2024-11-17 09:20:44,815 - DEBUG - Wrote "llama_index.core.schema.NodeWithScore" to logs\parsed_data\imports.jsonl
2024-11-17 09:20:44,815 - DEBUG - Wrote "llama_index.core.schema.NodeWithScore" to logs\parsed_data\imports.jsonl
2024-11-17 09:20:44,815 - INFO - Saved imports data to logs\parsed_data\imports.jsonl
2024-11-17 09:20:44,815 - INFO - Saved imports data to logs\parsed_data\imports.jsonl
2024-11-17 09:20:44,815 - INFO - Saved imports data to logs\parsed_data\imports.jsonl
2024-11-17 09:20:44,815 - INFO - Saved imports data to logs\parsed_data\imports.jsonl
2024-11-17 09:20:44,816 - INFO - Writing variables data to logs\parsed_data\variables.jsonl...
2024-11-17 09:20:44,816 - INFO - Writing variables data to logs\parsed_data\variables.jsonl...
2024-11-17 09:20:44,816 - INFO - Writing variables data to logs\parsed_data\variables.jsonl...
2024-11-17 09:20:44,816 - INFO - Writing variables data to logs\parsed_data\variables.jsonl...
2024-11-17 09:20:44,816 - DEBUG - Variables data size: 0
2024-11-17 09:20:44,816 - DEBUG - Variables data size: 0
2024-11-17 09:20:44,816 - DEBUG - Variables data size: 0
2024-11-17 09:20:44,816 - DEBUG - Variables data size: 0
2024-11-17 09:20:44,816 - INFO - Saved variables data to logs\parsed_data\variables.jsonl
2024-11-17 09:20:44,816 - INFO - Saved variables data to logs\parsed_data\variables.jsonl
2024-11-17 09:20:44,816 - INFO - Saved variables data to logs\parsed_data\variables.jsonl
2024-11-17 09:20:44,816 - INFO - Saved variables data to logs\parsed_data\variables.jsonl
2024-11-17 09:20:44,816 - DEBUG - Aggregated so far: 6 functions, 2 classes, 14 imports, 2 variables.
2024-11-17 09:20:44,816 - DEBUG - Aggregated so far: 6 functions, 2 classes, 14 imports, 2 variables.
2024-11-17 09:20:44,816 - DEBUG - Aggregated so far: 6 functions, 2 classes, 14 imports, 2 variables.
2024-11-17 09:20:44,816 - DEBUG - Aggregated so far: 6 functions, 2 classes, 14 imports, 2 variables.
2024-11-17 09:20:44,817 - INFO - Parsing complete. Total parsed: 6 functions, 2 classes, 14 imports, 2 variables.
2024-11-17 09:20:44,817 - INFO - Parsing complete. Total parsed: 6 functions, 2 classes, 14 imports, 2 variables.
2024-11-17 09:20:44,817 - INFO - Parsing complete. Total parsed: 6 functions, 2 classes, 14 imports, 2 variables.
2024-11-17 09:20:44,817 - INFO - Parsing complete. Total parsed: 6 functions, 2 classes, 14 imports, 2 variables.
